Mono path[0] = 'C:/Users/elect/OneDrive/Desktop/CSPractice/ECSCrowdSim/Builds/FixedUpdateBuild/CrowdSim_Data/Managed'
Mono config path = 'C:/Users/elect/OneDrive/Desktop/CSPractice/ECSCrowdSim/Builds/FixedUpdateBuild/MonoBleedingEdge/etc'
Initialize engine version: 2020.3.48f1 (b805b124c6b7)
[Subsystems] Discovering subsystems at path C:/Users/elect/OneDrive/Desktop/CSPractice/ECSCrowdSim/Builds/FixedUpdateBuild/CrowdSim_Data/UnitySubsystems
Forcing GfxDevice: Null
GfxDevice: creating device client; threaded=0
NullGfxDevice:
    Version:  NULL 1.0 [1.0]
    Renderer: Null Device
    Vendor:   Unity Technologies
Begin MonoManager ReloadAssembly
- Completed reload, in  1.143 seconds
ERROR: Shader Hidden/Universal Render Pipeline/Blit shader is not supported on this GPU (none of subshaders/fallbacks are suitable)
ERROR: Shader Hidden/Universal Render Pipeline/CopyDepth shader is not supported on this GPU (none of subshaders/fallbacks are suitable)
ERROR: Shader Hidden/Universal Render Pipeline/ScreenSpaceShadows shader is not supported on this GPU (none of subshaders/fallbacks are suitable)
ERROR: Shader Hidden/Universal Render Pipeline/Sampling shader is not supported on this GPU (none of subshaders/fallbacks are suitable)
ERROR: Shader Hidden/Universal Render Pipeline/LutBuilderLdr shader is not supported on this GPU (none of subshaders/fallbacks are suitable)
ERROR: Shader Hidden/Universal Render Pipeline/LutBuilderHdr shader is not supported on this GPU (none of subshaders/fallbacks are suitable)
ERROR: Shader Hidden/Universal Render Pipeline/UberPost shader is not supported on this GPU (none of subshaders/fallbacks are suitable)
ERROR: Shader Hidden/Universal Render Pipeline/Stop NaN shader is not supported on this GPU (none of subshaders/fallbacks are suitable)
ERROR: Shader Hidden/Universal Render Pipeline/PaniniProjection shader is not supported on this GPU (none of subshaders/fallbacks are suitable)
ERROR: Shader Hidden/Universal Render Pipeline/SubpixelMorphologicalAntialiasing shader is not supported on this GPU (none of subshaders/fallbacks are suitable)
ERROR: Shader Hidden/Universal Render Pipeline/FinalPost shader is not supported on this GPU (none of subshaders/fallbacks are suitable)
WARNING: Shader Unsupported: 'Hidden/Universal Render Pipeline/StencilDeferred' - All subshaders removed
WARNING: Shader Did you use #pragma only_renderers and omit this platform?
WARNING: Shader If subshaders removal was intentional, you may have forgotten turning Fallback off?
ERROR: Shader Hidden/Universal Render Pipeline/StencilDeferred shader is not supported on this GPU (none of subshaders/fallbacks are suitable)
WARNING: Shader Unsupported: 'Hidden/Universal Render Pipeline/StencilDeferred' - All subshaders removed
WARNING: Shader Did you use #pragma only_renderers and omit this platform?
WARNING: Shader If subshaders removal was intentional, you may have forgotten turning Fallback off?
ERROR: Shader Hidden/Universal Render Pipeline/BokehDepthOfField shader is not supported on this GPU (none of subshaders/fallbacks are suitable)
ERROR: Shader Hidden/Universal Render Pipeline/CameraMotionBlur shader is not supported on this GPU (none of subshaders/fallbacks are suitable)
ERROR: Shader Hidden/Universal Render Pipeline/GaussianDepthOfField shader is not supported on this GPU (none of subshaders/fallbacks are suitable)
ERROR: Shader Hidden/Universal Render Pipeline/Bloom shader is not supported on this GPU (none of subshaders/fallbacks are suitable)
ERROR: Shader Sprites/Default shader is not supported on this GPU (none of subshaders/fallbacks are suitable)
Microsoft Media Foundation video decoding to texture disabled: graphics device is Null, only Direct3D 11 and Direct3D 12 (only on desktop) are supported for hardware-accelerated video decoding.
ERROR: Shader Sprites/Mask shader is not supported on this GPU (none of subshaders/fallbacks are suitable)
WARNING: Shader Unsupported: 'Universal Render Pipeline/Lit' - All subshaders removed
WARNING: Shader Did you use #pragma only_renderers and omit this platform?
WARNING: Shader If subshaders removal was intentional, you may have forgotten turning Fallback off?
ERROR: Shader Universal Render Pipeline/Lit shader is not supported on this GPU (none of subshaders/fallbacks are suitable)
WARNING: Shader Unsupported: 'Universal Render Pipeline/Lit' - All subshaders removed
WARNING: Shader Did you use #pragma only_renderers and omit this platform?
WARNING: Shader If subshaders removal was intentional, you may have forgotten turning Fallback off?
UnloadTime: 0.797900 ms
No SRP present, no compute shader support, or running with -nographics. Hybrid Renderer disabled
Warning: No Graphics Device found. Deformation systems will not run.
NullReferenceException: Object reference not set to an instance of an object
  at Unity.Scenes.ResourceCatalogData.GetGUIDFromPath (System.String path) [0x000b8] in <65d29a64eb9344b1b5bc89a2b35fe189>:0 
  at Unity.Scenes.SceneSystem.GetSceneGUID (System.String scenePath) [0x0000c] in <65d29a64eb9344b1b5bc89a2b35fe189>:0 
  at Unity.Scenes.GameObjectSceneUtility.AddGameObjectSceneReferences () [0x00044] in <65d29a64eb9344b1b5bc89a2b35fe189>:0 
  at Unity.Entities.AutomaticWorldBootstrap.Initialize () [0x0000d] in <9af79f28d6604cada3f8c971e79fd400>:0 

Fallback handler could not load library C:/Users/elect/OneDrive/Desktop/CSPractice/ECSCrowdSim/Builds/FixedUpdateBuild/CrowdSim_Data/Mono/libcoreclr.so
Fallback handler could not load library C:/Users/elect/OneDrive/Desktop/CSPractice/ECSCrowdSim/Builds/FixedUpdateBuild/CrowdSim_Data/Mono/libcoreclr.so.dll
Fallback handler could not load library C:/Users/elect/OneDrive/Desktop/CSPractice/ECSCrowdSim/Builds/FixedUpdateBuild/CrowdSim_Data/Mono/libcoreclr.so
Fallback handler could not load library C:/Users/elect/OneDrive/Desktop/CSPractice/ECSCrowdSim/Builds/FixedUpdateBuild/CrowdSim_Data/Mono/libdl.so
Fallback handler could not load library C:/Users/elect/OneDrive/Desktop/CSPractice/ECSCrowdSim/Builds/FixedUpdateBuild/CrowdSim_Data/Mono/libdl.so.dll
Fallback handler could not load library C:/Users/elect/OneDrive/Desktop/CSPractice/ECSCrowdSim/Builds/FixedUpdateBuild/CrowdSim_Data/Mono/libdl.so
Fallback handler could not load library C:/Users/elect/OneDrive/Desktop/CSPractice/ECSCrowdSim/Builds/FixedUpdateBuild/CrowdSim_Data/Mono/libSystem.dylib
Fallback handler could not load library C:/Users/elect/OneDrive/Desktop/CSPractice/ECSCrowdSim/Builds/FixedUpdateBuild/CrowdSim_Data/Mono/libSystem.dylib.dll
Fallback handler could not load library C:/Users/elect/OneDrive/Desktop/CSPractice/ECSCrowdSim/Builds/FixedUpdateBuild/CrowdSim_Data/Mono/libSystem.dylib
Fallback handler could not load library C:/Users/elect/OneDrive/Desktop/CSPractice/ECSCrowdSim/Builds/FixedUpdateBuild/CrowdSim_Data/Mono/libcoreclr.so
Fallback handler could not load library C:/Users/elect/OneDrive/Desktop/CSPractice/ECSCrowdSim/Builds/FixedUpdateBuild/CrowdSim_Data/Mono/libcoreclr.so.dll
Fallback handler could not load library C:/Users/elect/OneDrive/Desktop/CSPractice/ECSCrowdSim/Builds/FixedUpdateBuild/CrowdSim_Data/Mono/libcoreclr.so
Fallback handler could not load library C:/Users/elect/OneDrive/Desktop/CSPractice/ECSCrowdSim/Builds/FixedUpdateBuild/CrowdSim_Data/Mono/libdl.so
Fallback handler could not load library C:/Users/elect/OneDrive/Desktop/CSPractice/ECSCrowdSim/Builds/FixedUpdateBuild/CrowdSim_Data/Mono/libdl.so.dll
Fallback handler could not load library C:/Users/elect/OneDrive/Desktop/CSPractice/ECSCrowdSim/Builds/FixedUpdateBuild/CrowdSim_Data/Mono/libdl.so
Fallback handler could not load library C:/Users/elect/OneDrive/Desktop/CSPractice/ECSCrowdSim/Builds/FixedUpdateBuild/CrowdSim_Data/Mono/libSystem.dylib
Fallback handler could not load library C:/Users/elect/OneDrive/Desktop/CSPractice/ECSCrowdSim/Builds/FixedUpdateBuild/CrowdSim_Data/Mono/libSystem.dylib.dll
Fallback handler could not load library C:/Users/elect/OneDrive/Desktop/CSPractice/ECSCrowdSim/Builds/FixedUpdateBuild/CrowdSim_Data/Mono/libSystem.dylib
Total reward: 16.60283
Internal: JobTempAlloc has allocations that are more than 4 frames old - this is not allowed and likely a leak
Internal: deleting an allocation that is older than its permitted lifetime of 4 frames (age = 5)
Total reward: 17.16539
Total reward: 17.08691
Internal: JobTempAlloc has allocations that are more than 4 frames old - this is not allowed and likely a leak
Internal: deleting an allocation that is older than its permitted lifetime of 4 frames (age = 5)
Internal: deleting an allocation that is older than its permitted lifetime of 4 frames (age = 5)
Internal: deleting an allocation that is older than its permitted lifetime of 4 frames (age = 5)
Internal: deleting an allocation that is older than its permitted lifetime of 4 frames (age = 5)
Internal: deleting an allocation that is older than its permitted lifetime of 4 frames (age = 5)
Internal: deleting an allocation that is older than its permitted lifetime of 4 frames (age = 5)
Internal: deleting an allocation that is older than its permitted lifetime of 4 frames (age = 5)
Total reward: 17.10405
Total reward: 17.08492
Total reward: 17.25691
Total reward: 16.5473
Total reward: 16.85699
Total reward: 17.26767
Total reward: 17.38172
Total reward: 17.36584
Total reward: 17.46388
Total reward: 17.53061
Total reward: 17.54152
Total reward: 17.41359
Internal: JobTempAlloc has allocations that are more than 4 frames old - this is not allowed and likely a leak
Internal: JobTempAlloc has allocations that are more than 4 frames old - this is not allowed and likely a leak
Internal: deleting an allocation that is older than its permitted lifetime of 4 frames (age = 5)
Internal: deleting an allocation that is older than its permitted lifetime of 4 frames (age = 5)
Internal: deleting an allocation that is older than its permitted lifetime of 4 frames (age = 5)
Internal: deleting an allocation that is older than its permitted lifetime of 4 frames (age = 5)
Internal: deleting an allocation that is older than its permitted lifetime of 4 frames (age = 5)
Internal: deleting an allocation that is older than its permitted lifetime of 4 frames (age = 5)
Internal: deleting an allocation that is older than its permitted lifetime of 4 frames (age = 5)
Internal: deleting an allocation that is older than its permitted lifetime of 4 frames (age = 5)
Internal: deleting an allocation that is older than its permitted lifetime of 4 frames (age = 5)
Internal: deleting an allocation that is older than its permitted lifetime of 4 frames (age = 5)
Total reward: 17.45213
Total reward: 17.48414
Total reward: 17.31824
Total reward: 17.37123
Total reward: 17.49024
Total reward: 17.39857
Internal: JobTempAlloc has allocations that are more than 4 frames old - this is not allowed and likely a leak
Internal: deleting an allocation that is older than its permitted lifetime of 4 frames (age = 5)
Internal: deleting an allocation that is older than its permitted lifetime of 4 frames (age = 5)
Internal: deleting an allocation that is older than its permitted lifetime of 4 frames (age = 5)
Internal: deleting an allocation that is older than its permitted lifetime of 4 frames (age = 5)
Internal: deleting an allocation that is older than its permitted lifetime of 4 frames (age = 5)
Internal: deleting an allocation that is older than its permitted lifetime of 4 frames (age = 5)
Internal: deleting an allocation that is older than its permitted lifetime of 4 frames (age = 5)
Internal: deleting an allocation that is older than its permitted lifetime of 4 frames (age = 5)
Internal: deleting an allocation that is older than its permitted lifetime of 4 frames (age = 5)
Internal: deleting an allocation that is older than its permitted lifetime of 4 frames (age = 5)
Total reward: 17.46431
Total reward: 17.46347
Total reward: 17.42507
Total reward: 17.53103
Total reward: 17.41685
Total reward: 17.42422
Total reward: 17.45383
Total reward: 17.32887
Total reward: 17.5034
Total reward: 17.47097
Total reward: 17.44915
Total reward: 17.43186
Internal: JobTempAlloc has allocations that are more than 4 frames old - this is not allowed and likely a leak
Internal: JobTempAlloc has allocations that are more than 4 frames old - this is not allowed and likely a leak
Internal: deleting an allocation that is older than its permitted lifetime of 4 frames (age = 5)
Internal: deleting an allocation that is older than its permitted lifetime of 4 frames (age = 5)
Internal: deleting an allocation that is older than its permitted lifetime of 4 frames (age = 5)
Internal: deleting an allocation that is older than its permitted lifetime of 4 frames (age = 5)
Internal: deleting an allocation that is older than its permitted lifetime of 4 frames (age = 5)
Internal: deleting an allocation that is older than its permitted lifetime of 4 frames (age = 5)
Internal: deleting an allocation that is older than its permitted lifetime of 4 frames (age = 5)
Internal: deleting an allocation that is older than its permitted lifetime of 4 frames (age = 5)
Internal: deleting an allocation that is older than its permitted lifetime of 4 frames (age = 5)
Internal: deleting an allocation that is older than its permitted lifetime of 4 frames (age = 5)
Total reward: 17.33213
Total reward: 17.35735
Total reward: 17.52126
Total reward: 17.53543
Total reward: 17.4772
Total reward: 17.48613
Total reward: 17.49094
Total reward: 17.33397
Internal: JobTempAlloc has allocations that are more than 4 frames old - this is not allowed and likely a leak
Internal: deleting an allocation that is older than its permitted lifetime of 4 frames (age = 5)
Internal: deleting an allocation that is older than its permitted lifetime of 4 frames (age = 5)
Internal: deleting an allocation that is older than its permitted lifetime of 4 frames (age = 5)
Internal: deleting an allocation that is older than its permitted lifetime of 4 frames (age = 5)
Internal: deleting an allocation that is older than its permitted lifetime of 4 frames (age = 5)
Internal: deleting an allocation that is older than its permitted lifetime of 4 frames (age = 5)
Internal: deleting an allocation that is older than its permitted lifetime of 4 frames (age = 5)
Internal: deleting an allocation that is older than its permitted lifetime of 4 frames (age = 5)
Internal: deleting an allocation that is older than its permitted lifetime of 4 frames (age = 5)
Internal: deleting an allocation that is older than its permitted lifetime of 4 frames (age = 5)
Total reward: 17.52522
Total reward: 17.42762
Total reward: 17.50029
Total reward: 17.51545
Total reward: 17.51715
Total reward: 17.51318
Internal: JobTempAlloc has allocations that are more than 4 frames old - this is not allowed and likely a leak
Internal: deleting an allocation that is older than its permitted lifetime of 4 frames (age = 5)
Internal: deleting an allocation that is older than its permitted lifetime of 4 frames (age = 5)
Internal: deleting an allocation that is older than its permitted lifetime of 4 frames (age = 5)
Internal: deleting an allocation that is older than its permitted lifetime of 4 frames (age = 5)
Internal: deleting an allocation that is older than its permitted lifetime of 4 frames (age = 5)
Internal: deleting an allocation that is older than its permitted lifetime of 4 frames (age = 5)
Internal: deleting an allocation that is older than its permitted lifetime of 4 frames (age = 5)
Total reward: 17.59506
Total reward: 17.45766
Total reward: 17.46686
Internal: JobTempAlloc has allocations that are more than 4 frames old - this is not allowed and likely a leak
Internal: deleting an allocation that is older than its permitted lifetime of 4 frames (age = 5)
Total reward: 17.51106
Total reward: 17.48443
Total reward: 17.50596
Total reward: 17.55696
Total reward: 17.43754
Internal: JobTempAlloc has allocations that are more than 4 frames old - this is not allowed and likely a leak
Internal: deleting an allocation that is older than its permitted lifetime of 4 frames (age = 5)
Internal: deleting an allocation that is older than its permitted lifetime of 4 frames (age = 5)
Internal: deleting an allocation that is older than its permitted lifetime of 4 frames (age = 5)
Internal: deleting an allocation that is older than its permitted lifetime of 4 frames (age = 5)
Internal: deleting an allocation that is older than its permitted lifetime of 4 frames (age = 5)
Internal: deleting an allocation that is older than its permitted lifetime of 4 frames (age = 5)
Internal: deleting an allocation that is older than its permitted lifetime of 4 frames (age = 5)
Internal: deleting an allocation that is older than its permitted lifetime of 4 frames (age = 5)
Internal: deleting an allocation that is older than its permitted lifetime of 4 frames (age = 5)
Internal: deleting an allocation that is older than its permitted lifetime of 4 frames (age = 5)
Total reward: 17.53642
Total reward: 17.49533
Total reward: 17.43272
Total reward: 17.39844
Internal: JobTempAlloc has allocations that are more than 4 frames old - this is not allowed and likely a leak
Internal: JobTempAlloc has allocations that are more than 4 frames old - this is not allowed and likely a leak
Internal: deleting an allocation that is older than its permitted lifetime of 4 frames (age = 5)
Internal: deleting an allocation that is older than its permitted lifetime of 4 frames (age = 5)
Internal: deleting an allocation that is older than its permitted lifetime of 4 frames (age = 5)
Internal: deleting an allocation that is older than its permitted lifetime of 4 frames (age = 5)
Internal: deleting an allocation that is older than its permitted lifetime of 4 frames (age = 5)
Internal: deleting an allocation that is older than its permitted lifetime of 4 frames (age = 5)
Internal: deleting an allocation that is older than its permitted lifetime of 4 frames (age = 5)
Internal: deleting an allocation that is older than its permitted lifetime of 4 frames (age = 5)
Internal: deleting an allocation that is older than its permitted lifetime of 4 frames (age = 5)
Internal: deleting an allocation that is older than its permitted lifetime of 4 frames (age = 5)
Total reward: 17.39447
Total reward: 17.5095
Total reward: 17.45099
Total reward: 17.51049
Internal: JobTempAlloc has allocations that are more than 4 frames old - this is not allowed and likely a leak
Internal: deleting an allocation that is older than its permitted lifetime of 4 frames (age = 5)
Internal: deleting an allocation that is older than its permitted lifetime of 4 frames (age = 5)
Internal: deleting an allocation that is older than its permitted lifetime of 4 frames (age = 5)
Internal: deleting an allocation that is older than its permitted lifetime of 4 frames (age = 5)
Internal: deleting an allocation that is older than its permitted lifetime of 4 frames (age = 5)
Internal: deleting an allocation that is older than its permitted lifetime of 4 frames (age = 5)
Internal: deleting an allocation that is older than its permitted lifetime of 4 frames (age = 5)
Internal: deleting an allocation that is older than its permitted lifetime of 4 frames (age = 5)
Internal: deleting an allocation that is older than its permitted lifetime of 4 frames (age = 5)
Internal: deleting an allocation that is older than its permitted lifetime of 4 frames (age = 5)
Total reward: 17.48754
Total reward: 17.56035
Total reward: 17.44632
Internal: JobTempAlloc has allocations that are more than 4 frames old - this is not allowed and likely a leak
Internal: deleting an allocation that is older than its permitted lifetime of 4 frames (age = 5)
Internal: deleting an allocation that is older than its permitted lifetime of 4 frames (age = 5)
Internal: deleting an allocation that is older than its permitted lifetime of 4 frames (age = 5)
Internal: deleting an allocation that is older than its permitted lifetime of 4 frames (age = 5)
Internal: deleting an allocation that is older than its permitted lifetime of 4 frames (age = 5)
Internal: deleting an allocation that is older than its permitted lifetime of 4 frames (age = 5)
Internal: deleting an allocation that is older than its permitted lifetime of 4 frames (age = 5)
Total reward: 17.50256
Total reward: 17.313
Total reward: 17.42762
Internal: JobTempAlloc has allocations that are more than 4 frames old - this is not allowed and likely a leak
Internal: deleting an allocation that is older than its permitted lifetime of 4 frames (age = 5)
Internal: deleting an allocation that is older than its permitted lifetime of 4 frames (age = 5)
Internal: deleting an allocation that is older than its permitted lifetime of 4 frames (age = 5)
Internal: deleting an allocation that is older than its permitted lifetime of 4 frames (age = 5)
Internal: deleting an allocation that is older than its permitted lifetime of 4 frames (age = 5)
Internal: deleting an allocation that is older than its permitted lifetime of 4 frames (age = 5)
Internal: deleting an allocation that is older than its permitted lifetime of 4 frames (age = 5)
Internal: deleting an allocation that is older than its permitted lifetime of 4 frames (age = 5)
Internal: deleting an allocation that is older than its permitted lifetime of 4 frames (age = 5)
Internal: deleting an allocation that is older than its permitted lifetime of 4 frames (age = 5)
Total reward: 17.44859
Internal: JobTempAlloc has allocations that are more than 4 frames old - this is not allowed and likely a leak
Internal: deleting an allocation that is older than its permitted lifetime of 4 frames (age = 5)
Internal: deleting an allocation that is older than its permitted lifetime of 4 frames (age = 5)
Internal: deleting an allocation that is older than its permitted lifetime of 4 frames (age = 5)
Internal: deleting an allocation that is older than its permitted lifetime of 4 frames (age = 5)
Internal: deleting an allocation that is older than its permitted lifetime of 4 frames (age = 5)
Internal: deleting an allocation that is older than its permitted lifetime of 4 frames (age = 5)
Internal: deleting an allocation that is older than its permitted lifetime of 4 frames (age = 5)
Total reward: 17.43243
Total reward: 17.55994
Total reward: 17.53189
Total reward: 17.45242
Total reward: 17.47367
Internal: JobTempAlloc has allocations that are more than 4 frames old - this is not allowed and likely a leak
Internal: deleting an allocation that is older than its permitted lifetime of 4 frames (age = 5)
Internal: deleting an allocation that is older than its permitted lifetime of 4 frames (age = 5)
Internal: deleting an allocation that is older than its permitted lifetime of 4 frames (age = 5)
Internal: deleting an allocation that is older than its permitted lifetime of 4 frames (age = 5)
Internal: deleting an allocation that is older than its permitted lifetime of 4 frames (age = 5)
Internal: deleting an allocation that is older than its permitted lifetime of 4 frames (age = 5)
Internal: deleting an allocation that is older than its permitted lifetime of 4 frames (age = 5)
Total reward: 17.58444
Total reward: 17.41331
Total reward: 17.38427
Total reward: 17.50936
Total reward: 17.44193
Total reward: 17.5928
Internal: JobTempAlloc has allocations that are more than 4 frames old - this is not allowed and likely a leak
Internal: deleting an allocation that is older than its permitted lifetime of 4 frames (age = 5)
Internal: deleting an allocation that is older than its permitted lifetime of 4 frames (age = 5)
Internal: deleting an allocation that is older than its permitted lifetime of 4 frames (age = 5)
Internal: deleting an allocation that is older than its permitted lifetime of 4 frames (age = 5)
Internal: deleting an allocation that is older than its permitted lifetime of 4 frames (age = 5)
Internal: deleting an allocation that is older than its permitted lifetime of 4 frames (age = 5)
Internal: deleting an allocation that is older than its permitted lifetime of 4 frames (age = 5)
Internal: deleting an allocation that is older than its permitted lifetime of 4 frames (age = 5)
Internal: deleting an allocation that is older than its permitted lifetime of 4 frames (age = 5)
Internal: deleting an allocation that is older than its permitted lifetime of 4 frames (age = 5)
Total reward: 17.56759
Internal: JobTempAlloc has allocations that are more than 4 frames old - this is not allowed and likely a leak
Internal: deleting an allocation that is older than its permitted lifetime of 4 frames (age = 5)
Internal: deleting an allocation that is older than its permitted lifetime of 4 frames (age = 5)
Internal: deleting an allocation that is older than its permitted lifetime of 4 frames (age = 5)
Internal: deleting an allocation that is older than its permitted lifetime of 4 frames (age = 5)
Internal: deleting an allocation that is older than its permitted lifetime of 4 frames (age = 5)
Internal: deleting an allocation that is older than its permitted lifetime of 4 frames (age = 5)
Internal: deleting an allocation that is older than its permitted lifetime of 4 frames (age = 5)
Total reward: 17.4391
Internal: JobTempAlloc has allocations that are more than 4 frames old - this is not allowed and likely a leak
Internal: deleting an allocation that is older than its permitted lifetime of 4 frames (age = 5)
Internal: deleting an allocation that is older than its permitted lifetime of 4 frames (age = 5)
Internal: deleting an allocation that is older than its permitted lifetime of 4 frames (age = 5)
Internal: deleting an allocation that is older than its permitted lifetime of 4 frames (age = 5)
Internal: deleting an allocation that is older than its permitted lifetime of 4 frames (age = 5)
Internal: deleting an allocation that is older than its permitted lifetime of 4 frames (age = 5)
Internal: deleting an allocation that is older than its permitted lifetime of 4 frames (age = 5)
Total reward: 17.49803
Total reward: 17.484
Total reward: 17.4629
Total reward: 17.39191
Total reward: 17.49137
Total reward: 17.49874
Total reward: 17.51616
Total reward: 17.36911
Total reward: 17.51871
Total reward: 17.51007
Total reward: 17.331
Total reward: 17.50001
Total reward: 17.56418
Total reward: 17.49364
Total reward: 17.48896
Internal: JobTempAlloc has allocations that are more than 4 frames old - this is not allowed and likely a leak
Internal: deleting an allocation that is older than its permitted lifetime of 4 frames (age = 5)
Total reward: 17.48343
Internal: JobTempAlloc has allocations that are more than 4 frames old - this is not allowed and likely a leak
Internal: deleting an allocation that is older than its permitted lifetime of 4 frames (age = 5)
Internal: deleting an allocation that is older than its permitted lifetime of 4 frames (age = 5)
Internal: deleting an allocation that is older than its permitted lifetime of 4 frames (age = 5)
Internal: deleting an allocation that is older than its permitted lifetime of 4 frames (age = 5)
Internal: deleting an allocation that is older than its permitted lifetime of 4 frames (age = 5)
Internal: deleting an allocation that is older than its permitted lifetime of 4 frames (age = 5)
Internal: deleting an allocation that is older than its permitted lifetime of 4 frames (age = 5)
Internal: JobTempAlloc has allocations that are more than 4 frames old - this is not allowed and likely a leak
Internal: deleting an allocation that is older than its permitted lifetime of 4 frames (age = 5)
Total reward: 17.46516
Total reward: 17.56942
Total reward: 17.48825
Total reward: 17.54661
Total reward: 17.45369
Total reward: 17.57636
Total reward: 17.51035
Total reward: 17.49817
Total reward: 17.46261
Internal: JobTempAlloc has allocations that are more than 4 frames old - this is not allowed and likely a leak
Internal: deleting an allocation that is older than its permitted lifetime of 4 frames (age = 5)
Internal: deleting an allocation that is older than its permitted lifetime of 4 frames (age = 5)
Internal: deleting an allocation that is older than its permitted lifetime of 4 frames (age = 5)
Internal: deleting an allocation that is older than its permitted lifetime of 4 frames (age = 5)
Internal: deleting an allocation that is older than its permitted lifetime of 4 frames (age = 5)
Internal: deleting an allocation that is older than its permitted lifetime of 4 frames (age = 5)
Internal: deleting an allocation that is older than its permitted lifetime of 4 frames (age = 5)
Total reward: 17.53472
Total reward: 17.59209
Total reward: 17.27731
Total reward: 16.34231
Total reward: 17.21427
Total reward: 17.14797
Total reward: 17.28822
Total reward: 17.16723
Internal: JobTempAlloc has allocations that are more than 4 frames old - this is not allowed and likely a leak
Internal: deleting an allocation that is older than its permitted lifetime of 4 frames (age = 5)
Total reward: 17.41586
Total reward: 17.27517
Total reward: 17.50482
Total reward: 17.4425
Total reward: 17.47267
Internal: JobTempAlloc has allocations that are more than 4 frames old - this is not allowed and likely a leak
Internal: deleting an allocation that is older than its permitted lifetime of 4 frames (age = 5)
Internal: deleting an allocation that is older than its permitted lifetime of 4 frames (age = 5)
Internal: deleting an allocation that is older than its permitted lifetime of 4 frames (age = 5)
Internal: deleting an allocation that is older than its permitted lifetime of 4 frames (age = 5)
Internal: deleting an allocation that is older than its permitted lifetime of 4 frames (age = 5)
Internal: deleting an allocation that is older than its permitted lifetime of 4 frames (age = 5)
Internal: deleting an allocation that is older than its permitted lifetime of 4 frames (age = 5)
Internal: deleting an allocation that is older than its permitted lifetime of 4 frames (age = 5)
Internal: deleting an allocation that is older than its permitted lifetime of 4 frames (age = 5)
Internal: deleting an allocation that is older than its permitted lifetime of 4 frames (age = 5)
Internal: deleting an allocation that is older than its permitted lifetime of 4 frames (age = 5)
Internal: deleting an allocation that is older than its permitted lifetime of 4 frames (age = 5)
Internal: deleting an allocation that is older than its permitted lifetime of 4 frames (age = 5)
Internal: deleting an allocation that is older than its permitted lifetime of 4 frames (age = 5)
Internal: deleting an allocation that is older than its permitted lifetime of 4 frames (age = 5)
Internal: deleting an allocation that is older than its permitted lifetime of 4 frames (age = 5)
Total reward: 17.42875
Total reward: 17.46431
Internal: JobTempAlloc has allocations that are more than 4 frames old - this is not allowed and likely a leak
Internal: deleting an allocation that is older than its permitted lifetime of 4 frames (age = 5)
Internal: deleting an allocation that is older than its permitted lifetime of 4 frames (age = 5)
Internal: deleting an allocation that is older than its permitted lifetime of 4 frames (age = 5)
Internal: deleting an allocation that is older than its permitted lifetime of 4 frames (age = 5)
Internal: deleting an allocation that is older than its permitted lifetime of 4 frames (age = 5)
Internal: deleting an allocation that is older than its permitted lifetime of 4 frames (age = 5)
Internal: deleting an allocation that is older than its permitted lifetime of 4 frames (age = 5)
Total reward: 17.38696
Total reward: 17.53868
Total reward: 17.33936
Total reward: 17.16171
Total reward: 17.23849
Total reward: 16.65044
Total reward: 16.79253
Total reward: 16.91308
Total reward: 16.9478
Total reward: 17.11397
Total reward: 17.07374
Internal: JobTempAlloc has allocations that are more than 4 frames old - this is not allowed and likely a leak
Internal: deleting an allocation that is older than its permitted lifetime of 4 frames (age = 5)
Internal: deleting an allocation that is older than its permitted lifetime of 4 frames (age = 5)
Internal: deleting an allocation that is older than its permitted lifetime of 4 frames (age = 5)
Internal: deleting an allocation that is older than its permitted lifetime of 4 frames (age = 5)
Internal: deleting an allocation that is older than its permitted lifetime of 4 frames (age = 5)
Internal: deleting an allocation that is older than its permitted lifetime of 4 frames (age = 5)
Internal: deleting an allocation that is older than its permitted lifetime of 4 frames (age = 5)
Total reward: 17.4194
Total reward: 17.27277
Total reward: 17.45255
Total reward: 17.38356
Internal: JobTempAlloc has allocations that are more than 4 frames old - this is not allowed and likely a leak
Internal: deleting an allocation that is older than its permitted lifetime of 4 frames (age = 5)
Internal: deleting an allocation that is older than its permitted lifetime of 4 frames (age = 5)
Internal: deleting an allocation that is older than its permitted lifetime of 4 frames (age = 5)
Internal: deleting an allocation that is older than its permitted lifetime of 4 frames (age = 5)
Internal: deleting an allocation that is older than its permitted lifetime of 4 frames (age = 5)
Internal: deleting an allocation that is older than its permitted lifetime of 4 frames (age = 5)
Internal: deleting an allocation that is older than its permitted lifetime of 4 frames (age = 5)
Internal: deleting an allocation that is older than its permitted lifetime of 4 frames (age = 5)
Internal: deleting an allocation that is older than its permitted lifetime of 4 frames (age = 5)
Internal: deleting an allocation that is older than its permitted lifetime of 4 frames (age = 5)
Total reward: 17.35366
Total reward: 16.99284
Total reward: 17.13989
Total reward: 17.44518
Total reward: 17.43186
Total reward: 17.29388
Internal: JobTempAlloc has allocations that are more than 4 frames old - this is not allowed and likely a leak
Internal: deleting an allocation that is older than its permitted lifetime of 4 frames (age = 5)
Internal: deleting an allocation that is older than its permitted lifetime of 4 frames (age = 5)
Internal: deleting an allocation that is older than its permitted lifetime of 4 frames (age = 5)
Internal: deleting an allocation that is older than its permitted lifetime of 4 frames (age = 5)
Internal: deleting an allocation that is older than its permitted lifetime of 4 frames (age = 5)
Internal: deleting an allocation that is older than its permitted lifetime of 4 frames (age = 5)
Internal: deleting an allocation that is older than its permitted lifetime of 4 frames (age = 5)
Internal: JobTempAlloc has allocations that are more than 4 frames old - this is not allowed and likely a leak
Internal: deleting an allocation that is older than its permitted lifetime of 4 frames (age = 5)
Internal: deleting an allocation that is older than its permitted lifetime of 4 frames (age = 5)
Internal: deleting an allocation that is older than its permitted lifetime of 4 frames (age = 5)
Internal: deleting an allocation that is older than its permitted lifetime of 4 frames (age = 5)
Internal: deleting an allocation that is older than its permitted lifetime of 4 frames (age = 5)
Internal: deleting an allocation that is older than its permitted lifetime of 4 frames (age = 5)
Internal: deleting an allocation that is older than its permitted lifetime of 4 frames (age = 5)
Total reward: 17.53472
Total reward: 17.45255
Total reward: 17.34942
Total reward: 17.01579
Total reward: 17.31315
Total reward: 17.44207
Total reward: 17.45453
Total reward: 17.22885
Total reward: 17.42974
Internal: JobTempAlloc has allocations that are more than 4 frames old - this is not allowed and likely a leak
Internal: deleting an allocation that is older than its permitted lifetime of 4 frames (age = 5)
Internal: deleting an allocation that is older than its permitted lifetime of 4 frames (age = 5)
Internal: deleting an allocation that is older than its permitted lifetime of 4 frames (age = 5)
Internal: deleting an allocation that is older than its permitted lifetime of 4 frames (age = 5)
Internal: deleting an allocation that is older than its permitted lifetime of 4 frames (age = 5)
Internal: deleting an allocation that is older than its permitted lifetime of 4 frames (age = 5)
Internal: deleting an allocation that is older than its permitted lifetime of 4 frames (age = 5)
Internal: deleting an allocation that is older than its permitted lifetime of 4 frames (age = 5)
Internal: deleting an allocation that is older than its permitted lifetime of 4 frames (age = 5)
Internal: deleting an allocation that is older than its permitted lifetime of 4 frames (age = 5)
Total reward: 17.42691
Internal: JobTempAlloc has allocations that are more than 4 frames old - this is not allowed and likely a leak
Internal: deleting an allocation that is older than its permitted lifetime of 4 frames (age = 5)
Internal: deleting an allocation that is older than its permitted lifetime of 4 frames (age = 5)
Internal: deleting an allocation that is older than its permitted lifetime of 4 frames (age = 5)
Internal: deleting an allocation that is older than its permitted lifetime of 4 frames (age = 5)
Internal: deleting an allocation that is older than its permitted lifetime of 4 frames (age = 5)
Internal: deleting an allocation that is older than its permitted lifetime of 4 frames (age = 5)
Internal: deleting an allocation that is older than its permitted lifetime of 4 frames (age = 5)
Internal: deleting an allocation that is older than its permitted lifetime of 4 frames (age = 5)
Internal: deleting an allocation that is older than its permitted lifetime of 4 frames (age = 5)
Internal: deleting an allocation that is older than its permitted lifetime of 4 frames (age = 5)
Total reward: 17.51121
Total reward: 17.34389
Total reward: 17.3803
Total reward: 17.43144
Internal: JobTempAlloc has allocations that are more than 4 frames old - this is not allowed and likely a leak
Internal: JobTempAlloc has allocations that are more than 4 frames old - this is not allowed and likely a leak
Internal: deleting an allocation that is older than its permitted lifetime of 4 frames (age = 5)
Internal: deleting an allocation that is older than its permitted lifetime of 4 frames (age = 5)
Internal: deleting an allocation that is older than its permitted lifetime of 4 frames (age = 5)
Internal: deleting an allocation that is older than its permitted lifetime of 4 frames (age = 5)
Internal: deleting an allocation that is older than its permitted lifetime of 4 frames (age = 5)
Internal: deleting an allocation that is older than its permitted lifetime of 4 frames (age = 5)
Internal: deleting an allocation that is older than its permitted lifetime of 4 frames (age = 5)
Total reward: 17.49703
Total reward: 17.39262
Total reward: 17.43852
Total reward: 17.43668
Internal: JobTempAlloc has allocations that are more than 4 frames old - this is not allowed and likely a leak
Internal: deleting an allocation that is older than its permitted lifetime of 4 frames (age = 5)
Internal: deleting an allocation that is older than its permitted lifetime of 4 frames (age = 5)
Internal: deleting an allocation that is older than its permitted lifetime of 4 frames (age = 5)
Internal: deleting an allocation that is older than its permitted lifetime of 4 frames (age = 5)
Internal: deleting an allocation that is older than its permitted lifetime of 4 frames (age = 5)
Internal: deleting an allocation that is older than its permitted lifetime of 4 frames (age = 5)
Internal: deleting an allocation that is older than its permitted lifetime of 4 frames (age = 5)
Total reward: 17.41387
Total reward: 17.54818
Total reward: 17.39517
Internal: JobTempAlloc has allocations that are more than 4 frames old - this is not allowed and likely a leak
Internal: deleting an allocation that is older than its permitted lifetime of 4 frames (age = 5)
Internal: deleting an allocation that is older than its permitted lifetime of 4 frames (age = 5)
Internal: deleting an allocation that is older than its permitted lifetime of 4 frames (age = 5)
Internal: deleting an allocation that is older than its permitted lifetime of 4 frames (age = 5)
Internal: deleting an allocation that is older than its permitted lifetime of 4 frames (age = 5)
Internal: deleting an allocation that is older than its permitted lifetime of 4 frames (age = 5)
Internal: deleting an allocation that is older than its permitted lifetime of 4 frames (age = 5)
Internal: deleting an allocation that is older than its permitted lifetime of 4 frames (age = 5)
Internal: deleting an allocation that is older than its permitted lifetime of 4 frames (age = 5)
Internal: deleting an allocation that is older than its permitted lifetime of 4 frames (age = 5)
Total reward: 17.4626
Total reward: 17.50058
Total reward: 17.41005
Total reward: 17.48825
Total reward: 17.36486
Total reward: 17.37378
Total reward: 17.47692
Total reward: 17.42053
Total reward: 17.30904
Total reward: 17.26144
Total reward: 17.26924
Total reward: 17.4806
Total reward: 17.36953
Total reward: 17.34503
Total reward: 17.17517
Total reward: 17.30323
Total reward: 17.1899
Total reward: 17.35692
Total reward: 17.38837
Total reward: 17.46502
Total reward: 17.55355
Total reward: 17.37365
Total reward: 17.33681
Total reward: 17.51049
Total reward: 17.55158
Total reward: 17.35665
Total reward: 16.9638
Total reward: 17.04001
Internal: JobTempAlloc has allocations that are more than 4 frames old - this is not allowed and likely a leak
Internal: deleting an allocation that is older than its permitted lifetime of 4 frames (age = 5)
Internal: deleting an allocation that is older than its permitted lifetime of 4 frames (age = 5)
Internal: deleting an allocation that is older than its permitted lifetime of 4 frames (age = 5)
Internal: deleting an allocation that is older than its permitted lifetime of 4 frames (age = 5)
Internal: deleting an allocation that is older than its permitted lifetime of 4 frames (age = 5)
Internal: deleting an allocation that is older than its permitted lifetime of 4 frames (age = 5)
Internal: deleting an allocation that is older than its permitted lifetime of 4 frames (age = 5)
Total reward: 17.093
Total reward: 17.48372
Total reward: 17.31031
Internal: JobTempAlloc has allocations that are more than 4 frames old - this is not allowed and likely a leak
Internal: deleting an allocation that is older than its permitted lifetime of 4 frames (age = 5)
Internal: deleting an allocation that is older than its permitted lifetime of 4 frames (age = 5)
Internal: deleting an allocation that is older than its permitted lifetime of 4 frames (age = 5)
Internal: deleting an allocation that is older than its permitted lifetime of 4 frames (age = 5)
Internal: deleting an allocation that is older than its permitted lifetime of 4 frames (age = 5)
Internal: deleting an allocation that is older than its permitted lifetime of 4 frames (age = 5)
Internal: deleting an allocation that is older than its permitted lifetime of 4 frames (age = 5)
Total reward: 17.02684
Internal: JobTempAlloc has allocations that are more than 4 frames old - this is not allowed and likely a leak
Internal: JobTempAlloc has allocations that are more than 4 frames old - this is not allowed and likely a leak
Internal: deleting an allocation that is older than its permitted lifetime of 4 frames (age = 5)
Internal: deleting an allocation that is older than its permitted lifetime of 4 frames (age = 5)
Internal: deleting an allocation that is older than its permitted lifetime of 4 frames (age = 5)
Internal: deleting an allocation that is older than its permitted lifetime of 4 frames (age = 5)
Internal: deleting an allocation that is older than its permitted lifetime of 4 frames (age = 5)
Internal: deleting an allocation that is older than its permitted lifetime of 4 frames (age = 5)
Internal: deleting an allocation that is older than its permitted lifetime of 4 frames (age = 5)
Internal: deleting an allocation that is older than its permitted lifetime of 4 frames (age = 5)
Internal: deleting an allocation that is older than its permitted lifetime of 4 frames (age = 5)
Internal: deleting an allocation that is older than its permitted lifetime of 4 frames (age = 5)
Total reward: 17.49746
Total reward: 17.38752
Total reward: 16.91308
Total reward: 17.03392
Internal: JobTempAlloc has allocations that are more than 4 frames old - this is not allowed and likely a leak
Internal: deleting an allocation that is older than its permitted lifetime of 4 frames (age = 5)
Internal: deleting an allocation that is older than its permitted lifetime of 4 frames (age = 5)
Internal: deleting an allocation that is older than its permitted lifetime of 4 frames (age = 5)
Internal: deleting an allocation that is older than its permitted lifetime of 4 frames (age = 5)
Internal: deleting an allocation that is older than its permitted lifetime of 4 frames (age = 5)
Internal: deleting an allocation that is older than its permitted lifetime of 4 frames (age = 5)
Internal: deleting an allocation that is older than its permitted lifetime of 4 frames (age = 5)
Total reward: 17.17162
Total reward: 17.33454
Total reward: 17.517
Total reward: 17.37619
Total reward: 17.36132
Total reward: 17.44263
Total reward: 17.38681
Total reward: 17.49972
Total reward: 17.4415
Total reward: 17.49958
Total reward: 16.20701
Total reward: 16.8356
Total reward: 17.22319
Total reward: 17.12984
Internal: JobTempAlloc has allocations that are more than 4 frames old - this is not allowed and likely a leak
Internal: deleting an allocation that is older than its permitted lifetime of 4 frames (age = 5)
Internal: deleting an allocation that is older than its permitted lifetime of 4 frames (age = 5)
Internal: deleting an allocation that is older than its permitted lifetime of 4 frames (age = 5)
Internal: deleting an allocation that is older than its permitted lifetime of 4 frames (age = 5)
Internal: deleting an allocation that is older than its permitted lifetime of 4 frames (age = 5)
Internal: deleting an allocation that is older than its permitted lifetime of 4 frames (age = 5)
Internal: deleting an allocation that is older than its permitted lifetime of 4 frames (age = 5)
Total reward: 17.13719
Total reward: 16.95062
Total reward: 15.98871
Total reward: 16.45834
Total reward: 17.32335
Total reward: 17.39943
Total reward: 17.47536
Total reward: 17.30989
Total reward: 17.31669
Total reward: 17.29785
Total reward: 17.09427
Total reward: 17.35663
Internal: JobTempAlloc has allocations that are more than 4 frames old - this is not allowed and likely a leak
Internal: JobTempAlloc has allocations that are more than 4 frames old - this is not allowed and likely a leak
Internal: deleting an allocation that is older than its permitted lifetime of 4 frames (age = 5)
Internal: deleting an allocation that is older than its permitted lifetime of 4 frames (age = 5)
Internal: deleting an allocation that is older than its permitted lifetime of 4 frames (age = 5)
Internal: deleting an allocation that is older than its permitted lifetime of 4 frames (age = 5)
Internal: deleting an allocation that is older than its permitted lifetime of 4 frames (age = 5)
Internal: deleting an allocation that is older than its permitted lifetime of 4 frames (age = 5)
Internal: deleting an allocation that is older than its permitted lifetime of 4 frames (age = 5)
Total reward: 17.58345
Total reward: 17.41883
Total reward: 17.53996
Total reward: 17.37832
Total reward: 17.59068
Total reward: 17.51063
Internal: JobTempAlloc has allocations that are more than 4 frames old - this is not allowed and likely a leak
Internal: JobTempAlloc has allocations that are more than 4 frames old - this is not allowed and likely a leak
Internal: deleting an allocation that is older than its permitted lifetime of 4 frames (age = 5)
Internal: deleting an allocation that is older than its permitted lifetime of 4 frames (age = 5)
Internal: deleting an allocation that is older than its permitted lifetime of 4 frames (age = 5)
Internal: deleting an allocation that is older than its permitted lifetime of 4 frames (age = 5)
Internal: deleting an allocation that is older than its permitted lifetime of 4 frames (age = 5)
Internal: deleting an allocation that is older than its permitted lifetime of 4 frames (age = 5)
Internal: deleting an allocation that is older than its permitted lifetime of 4 frames (age = 5)
Internal: deleting an allocation that is older than its permitted lifetime of 4 frames (age = 5)
Internal: deleting an allocation that is older than its permitted lifetime of 4 frames (age = 5)
Internal: deleting an allocation that is older than its permitted lifetime of 4 frames (age = 5)
Total reward: 17.42323
Total reward: 17.30762
Total reward: 17.50228
Total reward: 17.35537
Internal: JobTempAlloc has allocations that are more than 4 frames old - this is not allowed and likely a leak
Internal: deleting an allocation that is older than its permitted lifetime of 4 frames (age = 5)
Internal: deleting an allocation that is older than its permitted lifetime of 4 frames (age = 5)
Internal: deleting an allocation that is older than its permitted lifetime of 4 frames (age = 5)
Internal: deleting an allocation that is older than its permitted lifetime of 4 frames (age = 5)
Internal: deleting an allocation that is older than its permitted lifetime of 4 frames (age = 5)
Internal: deleting an allocation that is older than its permitted lifetime of 4 frames (age = 5)
Internal: deleting an allocation that is older than its permitted lifetime of 4 frames (age = 5)
Internal: deleting an allocation that is older than its permitted lifetime of 4 frames (age = 5)
Internal: deleting an allocation that is older than its permitted lifetime of 4 frames (age = 5)
Internal: deleting an allocation that is older than its permitted lifetime of 4 frames (age = 5)
Total reward: 17.50666
Total reward: 17.45369
Total reward: 17.40764
Total reward: 17.44689
Total reward: 17.40226
Total reward: 17.4612
Total reward: 17.4262
Total reward: 17.40325
Total reward: 17.35891
Total reward: 17.53245
Total reward: 17.3572
Total reward: 17.46601
Total reward: 17.48783
Total reward: 17.28963
Total reward: 17.4092
Total reward: 17.48669
Total reward: 17.36302
Total reward: 17.32065
Total reward: 17.47606
Total reward: 17.45368
Total reward: 17.25563
Total reward: 16.7489
Total reward: 16.9808
