Mono path[0] = 'C:/Users/elect/OneDrive/Desktop/CSPractice/ECSCrowdSim/Builds/FixedUpdateBuild/CrowdSim_Data/Managed'
Mono config path = 'C:/Users/elect/OneDrive/Desktop/CSPractice/ECSCrowdSim/Builds/FixedUpdateBuild/MonoBleedingEdge/etc'
Initialize engine version: 2020.3.48f1 (b805b124c6b7)
[Subsystems] Discovering subsystems at path C:/Users/elect/OneDrive/Desktop/CSPractice/ECSCrowdSim/Builds/FixedUpdateBuild/CrowdSim_Data/UnitySubsystems
Forcing GfxDevice: Null
GfxDevice: creating device client; threaded=0
NullGfxDevice:
    Version:  NULL 1.0 [1.0]
    Renderer: Null Device
    Vendor:   Unity Technologies
Begin MonoManager ReloadAssembly
- Completed reload, in  1.138 seconds
ERROR: Shader Hidden/Universal Render Pipeline/Blit shader is not supported on this GPU (none of subshaders/fallbacks are suitable)
ERROR: Shader Hidden/Universal Render Pipeline/CopyDepth shader is not supported on this GPU (none of subshaders/fallbacks are suitable)
ERROR: Shader Hidden/Universal Render Pipeline/ScreenSpaceShadows shader is not supported on this GPU (none of subshaders/fallbacks are suitable)
ERROR: Shader Hidden/Universal Render Pipeline/Sampling shader is not supported on this GPU (none of subshaders/fallbacks are suitable)
ERROR: Shader Hidden/Universal Render Pipeline/LutBuilderLdr shader is not supported on this GPU (none of subshaders/fallbacks are suitable)
ERROR: Shader Hidden/Universal Render Pipeline/LutBuilderHdr shader is not supported on this GPU (none of subshaders/fallbacks are suitable)
ERROR: Shader Hidden/Universal Render Pipeline/UberPost shader is not supported on this GPU (none of subshaders/fallbacks are suitable)
ERROR: Shader Hidden/Universal Render Pipeline/Stop NaN shader is not supported on this GPU (none of subshaders/fallbacks are suitable)
ERROR: Shader Hidden/Universal Render Pipeline/PaniniProjection shader is not supported on this GPU (none of subshaders/fallbacks are suitable)
ERROR: Shader Hidden/Universal Render Pipeline/SubpixelMorphologicalAntialiasing shader is not supported on this GPU (none of subshaders/fallbacks are suitable)
ERROR: Shader Hidden/Universal Render Pipeline/FinalPost shader is not supported on this GPU (none of subshaders/fallbacks are suitable)
WARNING: Shader Unsupported: 'Hidden/Universal Render Pipeline/StencilDeferred' - All subshaders removed
WARNING: Shader Did you use #pragma only_renderers and omit this platform?
WARNING: Shader If subshaders removal was intentional, you may have forgotten turning Fallback off?
ERROR: Shader Hidden/Universal Render Pipeline/StencilDeferred shader is not supported on this GPU (none of subshaders/fallbacks are suitable)
WARNING: Shader Unsupported: 'Hidden/Universal Render Pipeline/StencilDeferred' - All subshaders removed
WARNING: Shader Did you use #pragma only_renderers and omit this platform?
WARNING: Shader If subshaders removal was intentional, you may have forgotten turning Fallback off?
ERROR: Shader Hidden/Universal Render Pipeline/BokehDepthOfField shader is not supported on this GPU (none of subshaders/fallbacks are suitable)
ERROR: Shader Hidden/Universal Render Pipeline/CameraMotionBlur shader is not supported on this GPU (none of subshaders/fallbacks are suitable)
ERROR: Shader Hidden/Universal Render Pipeline/GaussianDepthOfField shader is not supported on this GPU (none of subshaders/fallbacks are suitable)
ERROR: Shader Hidden/Universal Render Pipeline/Bloom shader is not supported on this GPU (none of subshaders/fallbacks are suitable)
ERROR: Shader Sprites/Default shader is not supported on this GPU (none of subshaders/fallbacks are suitable)
Microsoft Media Foundation video decoding to texture disabled: graphics device is Null, only Direct3D 11 and Direct3D 12 (only on desktop) are supported for hardware-accelerated video decoding.
ERROR: Shader Sprites/Mask shader is not supported on this GPU (none of subshaders/fallbacks are suitable)
WARNING: Shader Unsupported: 'Universal Render Pipeline/Lit' - All subshaders removed
WARNING: Shader Did you use #pragma only_renderers and omit this platform?
WARNING: Shader If subshaders removal was intentional, you may have forgotten turning Fallback off?
ERROR: Shader Universal Render Pipeline/Lit shader is not supported on this GPU (none of subshaders/fallbacks are suitable)
WARNING: Shader Unsupported: 'Universal Render Pipeline/Lit' - All subshaders removed
WARNING: Shader Did you use #pragma only_renderers and omit this platform?
WARNING: Shader If subshaders removal was intentional, you may have forgotten turning Fallback off?
UnloadTime: 0.852800 ms
No SRP present, no compute shader support, or running with -nographics. Hybrid Renderer disabled
Warning: No Graphics Device found. Deformation systems will not run.
NullReferenceException: Object reference not set to an instance of an object
  at Unity.Scenes.ResourceCatalogData.GetGUIDFromPath (System.String path) [0x000b8] in <65d29a64eb9344b1b5bc89a2b35fe189>:0 
  at Unity.Scenes.SceneSystem.GetSceneGUID (System.String scenePath) [0x0000c] in <65d29a64eb9344b1b5bc89a2b35fe189>:0 
  at Unity.Scenes.GameObjectSceneUtility.AddGameObjectSceneReferences () [0x00044] in <65d29a64eb9344b1b5bc89a2b35fe189>:0 
  at Unity.Entities.AutomaticWorldBootstrap.Initialize () [0x0000d] in <9af79f28d6604cada3f8c971e79fd400>:0 

Fallback handler could not load library C:/Users/elect/OneDrive/Desktop/CSPractice/ECSCrowdSim/Builds/FixedUpdateBuild/CrowdSim_Data/Mono/libcoreclr.so
Fallback handler could not load library C:/Users/elect/OneDrive/Desktop/CSPractice/ECSCrowdSim/Builds/FixedUpdateBuild/CrowdSim_Data/Mono/libcoreclr.so.dll
Fallback handler could not load library C:/Users/elect/OneDrive/Desktop/CSPractice/ECSCrowdSim/Builds/FixedUpdateBuild/CrowdSim_Data/Mono/libcoreclr.so
Fallback handler could not load library C:/Users/elect/OneDrive/Desktop/CSPractice/ECSCrowdSim/Builds/FixedUpdateBuild/CrowdSim_Data/Mono/libdl.so
Fallback handler could not load library C:/Users/elect/OneDrive/Desktop/CSPractice/ECSCrowdSim/Builds/FixedUpdateBuild/CrowdSim_Data/Mono/libdl.so.dll
Fallback handler could not load library C:/Users/elect/OneDrive/Desktop/CSPractice/ECSCrowdSim/Builds/FixedUpdateBuild/CrowdSim_Data/Mono/libdl.so
Fallback handler could not load library C:/Users/elect/OneDrive/Desktop/CSPractice/ECSCrowdSim/Builds/FixedUpdateBuild/CrowdSim_Data/Mono/libSystem.dylib
Fallback handler could not load library C:/Users/elect/OneDrive/Desktop/CSPractice/ECSCrowdSim/Builds/FixedUpdateBuild/CrowdSim_Data/Mono/libSystem.dylib.dll
Fallback handler could not load library C:/Users/elect/OneDrive/Desktop/CSPractice/ECSCrowdSim/Builds/FixedUpdateBuild/CrowdSim_Data/Mono/libSystem.dylib
Fallback handler could not load library C:/Users/elect/OneDrive/Desktop/CSPractice/ECSCrowdSim/Builds/FixedUpdateBuild/CrowdSim_Data/Mono/libcoreclr.so
Fallback handler could not load library C:/Users/elect/OneDrive/Desktop/CSPractice/ECSCrowdSim/Builds/FixedUpdateBuild/CrowdSim_Data/Mono/libcoreclr.so.dll
Fallback handler could not load library C:/Users/elect/OneDrive/Desktop/CSPractice/ECSCrowdSim/Builds/FixedUpdateBuild/CrowdSim_Data/Mono/libcoreclr.so
Fallback handler could not load library C:/Users/elect/OneDrive/Desktop/CSPractice/ECSCrowdSim/Builds/FixedUpdateBuild/CrowdSim_Data/Mono/libdl.so
Fallback handler could not load library C:/Users/elect/OneDrive/Desktop/CSPractice/ECSCrowdSim/Builds/FixedUpdateBuild/CrowdSim_Data/Mono/libdl.so.dll
Fallback handler could not load library C:/Users/elect/OneDrive/Desktop/CSPractice/ECSCrowdSim/Builds/FixedUpdateBuild/CrowdSim_Data/Mono/libdl.so
Fallback handler could not load library C:/Users/elect/OneDrive/Desktop/CSPractice/ECSCrowdSim/Builds/FixedUpdateBuild/CrowdSim_Data/Mono/libSystem.dylib
Fallback handler could not load library C:/Users/elect/OneDrive/Desktop/CSPractice/ECSCrowdSim/Builds/FixedUpdateBuild/CrowdSim_Data/Mono/libSystem.dylib.dll
Fallback handler could not load library C:/Users/elect/OneDrive/Desktop/CSPractice/ECSCrowdSim/Builds/FixedUpdateBuild/CrowdSim_Data/Mono/libSystem.dylib
Total reward: 16.65921
Total reward: 17.08988
Total reward: 17.15406
Total reward: 17.16893
Total reward: 17.07699
Internal: JobTempAlloc has allocations that are more than 4 frames old - this is not allowed and likely a leak
Internal: deleting an allocation that is older than its permitted lifetime of 4 frames (age = 5)
Internal: deleting an allocation that is older than its permitted lifetime of 4 frames (age = 5)
Internal: deleting an allocation that is older than its permitted lifetime of 4 frames (age = 5)
Internal: deleting an allocation that is older than its permitted lifetime of 4 frames (age = 5)
Internal: deleting an allocation that is older than its permitted lifetime of 4 frames (age = 5)
Internal: deleting an allocation that is older than its permitted lifetime of 4 frames (age = 5)
Internal: deleting an allocation that is older than its permitted lifetime of 4 frames (age = 5)
Internal: deleting an allocation that is older than its permitted lifetime of 4 frames (age = 5)
Internal: deleting an allocation that is older than its permitted lifetime of 4 frames (age = 5)
Internal: deleting an allocation that is older than its permitted lifetime of 4 frames (age = 5)
Total reward: 17.11694
Internal: JobTempAlloc has allocations that are more than 4 frames old - this is not allowed and likely a leak
Internal: deleting an allocation that is older than its permitted lifetime of 4 frames (age = 5)
Internal: deleting an allocation that is older than its permitted lifetime of 4 frames (age = 5)
Internal: deleting an allocation that is older than its permitted lifetime of 4 frames (age = 5)
Internal: deleting an allocation that is older than its permitted lifetime of 4 frames (age = 5)
Internal: deleting an allocation that is older than its permitted lifetime of 4 frames (age = 5)
Internal: deleting an allocation that is older than its permitted lifetime of 4 frames (age = 5)
Internal: deleting an allocation that is older than its permitted lifetime of 4 frames (age = 5)
Internal: deleting an allocation that is older than its permitted lifetime of 4 frames (age = 5)
Internal: deleting an allocation that is older than its permitted lifetime of 4 frames (age = 5)
Internal: deleting an allocation that is older than its permitted lifetime of 4 frames (age = 5)
Total reward: 16.71305
Total reward: 16.74124
Total reward: 17.23722
Total reward: 17.45836
Total reward: 17.34857
Total reward: 17.49958
Internal: JobTempAlloc has allocations that are more than 4 frames old - this is not allowed and likely a leak
Internal: deleting an allocation that is older than its permitted lifetime of 4 frames (age = 5)
Internal: deleting an allocation that is older than its permitted lifetime of 4 frames (age = 5)
Internal: deleting an allocation that is older than its permitted lifetime of 4 frames (age = 5)
Internal: deleting an allocation that is older than its permitted lifetime of 4 frames (age = 5)
Internal: deleting an allocation that is older than its permitted lifetime of 4 frames (age = 5)
Internal: deleting an allocation that is older than its permitted lifetime of 4 frames (age = 5)
Internal: deleting an allocation that is older than its permitted lifetime of 4 frames (age = 5)
Internal: deleting an allocation that is older than its permitted lifetime of 4 frames (age = 5)
Internal: deleting an allocation that is older than its permitted lifetime of 4 frames (age = 5)
Internal: deleting an allocation that is older than its permitted lifetime of 4 frames (age = 5)
Total reward: 17.35522
Internal: JobTempAlloc has allocations that are more than 4 frames old - this is not allowed and likely a leak
Internal: deleting an allocation that is older than its permitted lifetime of 4 frames (age = 5)
Internal: deleting an allocation that is older than its permitted lifetime of 4 frames (age = 5)
Internal: deleting an allocation that is older than its permitted lifetime of 4 frames (age = 5)
Internal: deleting an allocation that is older than its permitted lifetime of 4 frames (age = 5)
Internal: deleting an allocation that is older than its permitted lifetime of 4 frames (age = 5)
Internal: deleting an allocation that is older than its permitted lifetime of 4 frames (age = 5)
Internal: deleting an allocation that is older than its permitted lifetime of 4 frames (age = 5)
Internal: deleting an allocation that is older than its permitted lifetime of 4 frames (age = 5)
Internal: deleting an allocation that is older than its permitted lifetime of 4 frames (age = 5)
Internal: deleting an allocation that is older than its permitted lifetime of 4 frames (age = 5)
Total reward: 17.50298
Total reward: 17.4874
Total reward: 17.35111
Total reward: 17.43144
Total reward: 17.35154
Internal: JobTempAlloc has allocations that are more than 4 frames old - this is not allowed and likely a leak
Internal: deleting an allocation that is older than its permitted lifetime of 4 frames (age = 5)
Internal: deleting an allocation that is older than its permitted lifetime of 4 frames (age = 5)
Internal: deleting an allocation that is older than its permitted lifetime of 4 frames (age = 5)
Internal: deleting an allocation that is older than its permitted lifetime of 4 frames (age = 5)
Internal: deleting an allocation that is older than its permitted lifetime of 4 frames (age = 5)
Internal: deleting an allocation that is older than its permitted lifetime of 4 frames (age = 5)
Internal: deleting an allocation that is older than its permitted lifetime of 4 frames (age = 5)
Total reward: 17.39078
Internal: JobTempAlloc has allocations that are more than 4 frames old - this is not allowed and likely a leak
Internal: deleting an allocation that is older than its permitted lifetime of 4 frames (age = 5)
Internal: deleting an allocation that is older than its permitted lifetime of 4 frames (age = 5)
Internal: deleting an allocation that is older than its permitted lifetime of 4 frames (age = 5)
Internal: deleting an allocation that is older than its permitted lifetime of 4 frames (age = 5)
Internal: deleting an allocation that is older than its permitted lifetime of 4 frames (age = 5)
Internal: deleting an allocation that is older than its permitted lifetime of 4 frames (age = 5)
Internal: deleting an allocation that is older than its permitted lifetime of 4 frames (age = 5)
Internal: deleting an allocation that is older than its permitted lifetime of 4 frames (age = 5)
Internal: deleting an allocation that is older than its permitted lifetime of 4 frames (age = 5)
Internal: deleting an allocation that is older than its permitted lifetime of 4 frames (age = 5)
Total reward: 17.43003
Internal: JobTempAlloc has allocations that are more than 4 frames old - this is not allowed and likely a leak
Internal: deleting an allocation that is older than its permitted lifetime of 4 frames (age = 5)
Internal: deleting an allocation that is older than its permitted lifetime of 4 frames (age = 5)
Internal: deleting an allocation that is older than its permitted lifetime of 4 frames (age = 5)
Internal: deleting an allocation that is older than its permitted lifetime of 4 frames (age = 5)
Internal: deleting an allocation that is older than its permitted lifetime of 4 frames (age = 5)
Internal: deleting an allocation that is older than its permitted lifetime of 4 frames (age = 5)
Internal: deleting an allocation that is older than its permitted lifetime of 4 frames (age = 5)
Total reward: 17.4602
Total reward: 17.50936
Total reward: 17.45708
Total reward: 17.48429
Total reward: 17.42238
Total reward: 17.55497
Total reward: 17.44703
Total reward: 17.56603
Total reward: 17.43555
Total reward: 17.52933
Total reward: 17.44306
Total reward: 17.42549
Total reward: 17.49662
Total reward: 17.43711
Total reward: 17.40098
Total reward: 17.42818
Total reward: 17.4697
Total reward: 17.47933
Total reward: 17.53925
Total reward: 17.4738
Total reward: 17.35466
Total reward: 17.44732
Total reward: 17.43597
Total reward: 17.51616
Total reward: 17.52778
Total reward: 17.47352
Total reward: 17.44362
Internal: JobTempAlloc has allocations that are more than 4 frames old - this is not allowed and likely a leak
Internal: JobTempAlloc has allocations that are more than 4 frames old - this is not allowed and likely a leak
Internal: deleting an allocation that is older than its permitted lifetime of 4 frames (age = 5)
Internal: deleting an allocation that is older than its permitted lifetime of 4 frames (age = 5)
Internal: deleting an allocation that is older than its permitted lifetime of 4 frames (age = 5)
Internal: deleting an allocation that is older than its permitted lifetime of 4 frames (age = 5)
Internal: deleting an allocation that is older than its permitted lifetime of 4 frames (age = 5)
Internal: deleting an allocation that is older than its permitted lifetime of 4 frames (age = 5)
Internal: deleting an allocation that is older than its permitted lifetime of 4 frames (age = 5)
Internal: deleting an allocation that is older than its permitted lifetime of 4 frames (age = 5)
Internal: deleting an allocation that is older than its permitted lifetime of 4 frames (age = 5)
Internal: deleting an allocation that is older than its permitted lifetime of 4 frames (age = 5)
Internal: deleting an allocation that is older than its permitted lifetime of 4 frames (age = 5)
Internal: deleting an allocation that is older than its permitted lifetime of 4 frames (age = 5)
Internal: deleting an allocation that is older than its permitted lifetime of 4 frames (age = 5)
Internal: deleting an allocation that is older than its permitted lifetime of 4 frames (age = 5)
Internal: deleting an allocation that is older than its permitted lifetime of 4 frames (age = 5)
Internal: deleting an allocation that is older than its permitted lifetime of 4 frames (age = 5)
Total reward: 17.51758
Total reward: 17.41062
Internal: JobTempAlloc has allocations that are more than 4 frames old - this is not allowed and likely a leak
Internal: deleting an allocation that is older than its permitted lifetime of 4 frames (age = 5)
Internal: deleting an allocation that is older than its permitted lifetime of 4 frames (age = 5)
Internal: deleting an allocation that is older than its permitted lifetime of 4 frames (age = 5)
Internal: deleting an allocation that is older than its permitted lifetime of 4 frames (age = 5)
Internal: deleting an allocation that is older than its permitted lifetime of 4 frames (age = 5)
Internal: deleting an allocation that is older than its permitted lifetime of 4 frames (age = 5)
Internal: deleting an allocation that is older than its permitted lifetime of 4 frames (age = 5)
Total reward: 17.55894
Internal: JobTempAlloc has allocations that are more than 4 frames old - this is not allowed and likely a leak
Internal: JobTempAlloc has allocations that are more than 4 frames old - this is not allowed and likely a leak
Internal: JobTempAlloc has allocations that are more than 4 frames old - this is not allowed and likely a leak
Internal: deleting an allocation that is older than its permitted lifetime of 4 frames (age = 5)
Internal: deleting an allocation that is older than its permitted lifetime of 4 frames (age = 5)
Internal: deleting an allocation that is older than its permitted lifetime of 4 frames (age = 5)
Internal: deleting an allocation that is older than its permitted lifetime of 4 frames (age = 5)
Internal: deleting an allocation that is older than its permitted lifetime of 4 frames (age = 5)
Internal: deleting an allocation that is older than its permitted lifetime of 4 frames (age = 5)
Internal: deleting an allocation that is older than its permitted lifetime of 4 frames (age = 5)
Total reward: 17.53231
Total reward: 17.51474
Total reward: 17.45652
Total reward: 17.49236
Total reward: 17.39249
Total reward: 17.56107
Total reward: 17.51998
Total reward: 17.4092
Total reward: 17.46446
Total reward: 17.4296
Total reward: 17.3181
Total reward: 17.55809
Total reward: 17.4126
Internal: JobTempAlloc has allocations that are more than 4 frames old - this is not allowed and likely a leak
Total reward: 17.49534
Total reward: 17.49647
Total reward: 17.37733
Internal: JobTempAlloc has allocations that are more than 4 frames old - this is not allowed and likely a leak
Internal: deleting an allocation that is older than its permitted lifetime of 4 frames (age = 5)
Internal: deleting an allocation that is older than its permitted lifetime of 4 frames (age = 5)
Internal: deleting an allocation that is older than its permitted lifetime of 4 frames (age = 5)
Internal: deleting an allocation that is older than its permitted lifetime of 4 frames (age = 5)
Internal: deleting an allocation that is older than its permitted lifetime of 4 frames (age = 5)
Internal: deleting an allocation that is older than its permitted lifetime of 4 frames (age = 5)
Internal: deleting an allocation that is older than its permitted lifetime of 4 frames (age = 5)
Internal: deleting an allocation that is older than its permitted lifetime of 4 frames (age = 5)
Internal: deleting an allocation that is older than its permitted lifetime of 4 frames (age = 5)
Internal: deleting an allocation that is older than its permitted lifetime of 4 frames (age = 5)
Internal: deleting an allocation that is older than its permitted lifetime of 4 frames (age = 5)
Internal: deleting an allocation that is older than its permitted lifetime of 4 frames (age = 5)
Internal: deleting an allocation that is older than its permitted lifetime of 4 frames (age = 5)
Internal: deleting an allocation that is older than its permitted lifetime of 4 frames (age = 5)
Internal: deleting an allocation that is older than its permitted lifetime of 4 frames (age = 5)
Internal: deleting an allocation that is older than its permitted lifetime of 4 frames (age = 5)
Total reward: 17.4534
Total reward: 17.48358
Total reward: 17.38002
Total reward: 17.45397
Total reward: 17.51205
Total reward: 17.39546
Total reward: 17.56602
Internal: JobTempAlloc has allocations that are more than 4 frames old - this is not allowed and likely a leak
Internal: JobTempAlloc has allocations that are more than 4 frames old - this is not allowed and likely a leak
Internal: deleting an allocation that is older than its permitted lifetime of 4 frames (age = 5)
Internal: deleting an allocation that is older than its permitted lifetime of 4 frames (age = 5)
Internal: deleting an allocation that is older than its permitted lifetime of 4 frames (age = 5)
Internal: deleting an allocation that is older than its permitted lifetime of 4 frames (age = 5)
Internal: deleting an allocation that is older than its permitted lifetime of 4 frames (age = 5)
Internal: deleting an allocation that is older than its permitted lifetime of 4 frames (age = 5)
Internal: deleting an allocation that is older than its permitted lifetime of 4 frames (age = 5)
Total reward: 17.4517
Total reward: 17.3922
Total reward: 17.49945
Total reward: 17.41869
Total reward: 17.50213
Internal: JobTempAlloc has allocations that are more than 4 frames old - this is not allowed and likely a leak
Internal: deleting an allocation that is older than its permitted lifetime of 4 frames (age = 5)
Internal: deleting an allocation that is older than its permitted lifetime of 4 frames (age = 5)
Internal: deleting an allocation that is older than its permitted lifetime of 4 frames (age = 5)
Internal: deleting an allocation that is older than its permitted lifetime of 4 frames (age = 5)
Internal: deleting an allocation that is older than its permitted lifetime of 4 frames (age = 5)
Internal: deleting an allocation that is older than its permitted lifetime of 4 frames (age = 5)
Internal: deleting an allocation that is older than its permitted lifetime of 4 frames (age = 5)
Total reward: 17.50511
Total reward: 17.50794
Total reward: 17.61405
Total reward: 17.51913
Internal: JobTempAlloc has allocations that are more than 4 frames old - this is not allowed and likely a leak
Internal: deleting an allocation that is older than its permitted lifetime of 4 frames (age = 5)
Internal: deleting an allocation that is older than its permitted lifetime of 4 frames (age = 5)
Internal: deleting an allocation that is older than its permitted lifetime of 4 frames (age = 5)
Internal: deleting an allocation that is older than its permitted lifetime of 4 frames (age = 5)
Internal: deleting an allocation that is older than its permitted lifetime of 4 frames (age = 5)
Internal: deleting an allocation that is older than its permitted lifetime of 4 frames (age = 5)
Internal: deleting an allocation that is older than its permitted lifetime of 4 frames (age = 5)
Total reward: 17.37647
Total reward: 17.50256
Total reward: 17.51559
Total reward: 17.41756
Total reward: 17.53529
Total reward: 17.42691
Total reward: 17.49321
Total reward: 17.45595
Total reward: 17.40679
Total reward: 17.50114
Internal: JobTempAlloc has allocations that are more than 4 frames old - this is not allowed and likely a leak
Internal: deleting an allocation that is older than its permitted lifetime of 4 frames (age = 5)
Internal: deleting an allocation that is older than its permitted lifetime of 4 frames (age = 5)
Internal: deleting an allocation that is older than its permitted lifetime of 4 frames (age = 5)
Internal: deleting an allocation that is older than its permitted lifetime of 4 frames (age = 5)
Internal: deleting an allocation that is older than its permitted lifetime of 4 frames (age = 5)
Internal: deleting an allocation that is older than its permitted lifetime of 4 frames (age = 5)
Internal: deleting an allocation that is older than its permitted lifetime of 4 frames (age = 5)
Total reward: 17.45142
Total reward: 17.31924
Total reward: 17.38894
Total reward: 17.45581
Internal: JobTempAlloc has allocations that are more than 4 frames old - this is not allowed and likely a leak
Internal: deleting an allocation that is older than its permitted lifetime of 4 frames (age = 5)
Internal: deleting an allocation that is older than its permitted lifetime of 4 frames (age = 5)
Internal: deleting an allocation that is older than its permitted lifetime of 4 frames (age = 5)
Internal: deleting an allocation that is older than its permitted lifetime of 4 frames (age = 5)
Internal: deleting an allocation that is older than its permitted lifetime of 4 frames (age = 5)
Internal: deleting an allocation that is older than its permitted lifetime of 4 frames (age = 5)
Internal: deleting an allocation that is older than its permitted lifetime of 4 frames (age = 5)
Internal: JobTempAlloc has allocations that are more than 4 frames old - this is not allowed and likely a leak
Internal: deleting an allocation that is older than its permitted lifetime of 4 frames (age = 5)
Internal: deleting an allocation that is older than its permitted lifetime of 4 frames (age = 5)
Internal: deleting an allocation that is older than its permitted lifetime of 4 frames (age = 5)
Internal: deleting an allocation that is older than its permitted lifetime of 4 frames (age = 5)
Internal: deleting an allocation that is older than its permitted lifetime of 4 frames (age = 5)
Internal: deleting an allocation that is older than its permitted lifetime of 4 frames (age = 5)
Internal: deleting an allocation that is older than its permitted lifetime of 4 frames (age = 5)
Internal: deleting an allocation that is older than its permitted lifetime of 4 frames (age = 5)
Internal: deleting an allocation that is older than its permitted lifetime of 4 frames (age = 5)
Internal: deleting an allocation that is older than its permitted lifetime of 4 frames (age = 5)
Total reward: 17.46459
Total reward: 17.52891
Total reward: 17.52097
Total reward: 17.5051
Total reward: 17.49378
Total reward: 17.467
Total reward: 17.52834
Total reward: 17.52239
Total reward: 17.50922
Internal: JobTempAlloc has allocations that are more than 4 frames old - this is not allowed and likely a leak
Internal: deleting an allocation that is older than its permitted lifetime of 4 frames (age = 5)
Internal: deleting an allocation that is older than its permitted lifetime of 4 frames (age = 5)
Internal: deleting an allocation that is older than its permitted lifetime of 4 frames (age = 5)
Internal: deleting an allocation that is older than its permitted lifetime of 4 frames (age = 5)
Internal: deleting an allocation that is older than its permitted lifetime of 4 frames (age = 5)
Internal: deleting an allocation that is older than its permitted lifetime of 4 frames (age = 5)
Internal: deleting an allocation that is older than its permitted lifetime of 4 frames (age = 5)
Total reward: 17.49647
Total reward: 17.49364
Total reward: 17.40396
Total reward: 17.62298
Total reward: 17.32746
Total reward: 16.71773
Total reward: 16.92484
Total reward: 17.10263
Total reward: 17.38823
Total reward: 17.3096
Total reward: 17.28481
Total reward: 17.46828
Total reward: 17.43286
Internal: JobTempAlloc has allocations that are more than 4 frames old - this is not allowed and likely a leak
Internal: deleting an allocation that is older than its permitted lifetime of 4 frames (age = 5)
Internal: deleting an allocation that is older than its permitted lifetime of 4 frames (age = 5)
Internal: deleting an allocation that is older than its permitted lifetime of 4 frames (age = 5)
Internal: deleting an allocation that is older than its permitted lifetime of 4 frames (age = 5)
Internal: deleting an allocation that is older than its permitted lifetime of 4 frames (age = 5)
Internal: deleting an allocation that is older than its permitted lifetime of 4 frames (age = 5)
Internal: deleting an allocation that is older than its permitted lifetime of 4 frames (age = 5)
Total reward: 17.3657
Total reward: 17.62496
Total reward: 17.40623
Total reward: 17.48584
Total reward: 17.39985
Total reward: 17.55356
Total reward: 17.53118
Total reward: 17.06948
Total reward: 17.35693
Total reward: 16.86746
Total reward: 16.78459
Total reward: 16.83545
Total reward: 17.10632
Total reward: 17.07515
Total reward: 16.93461
Total reward: 17.29062
Total reward: 17.36217
Total reward: 17.42904
Total reward: 17.4891
Total reward: 17.40806
Total reward: 17.20959
Total reward: 17.10901
Total reward: 17.19103
Total reward: 17.49533
Total reward: 17.33738
Total reward: 17.40169
Internal: JobTempAlloc has allocations that are more than 4 frames old - this is not allowed and likely a leak
Internal: JobTempAlloc has allocations that are more than 4 frames old - this is not allowed and likely a leak
Internal: deleting an allocation that is older than its permitted lifetime of 4 frames (age = 5)
Internal: deleting an allocation that is older than its permitted lifetime of 4 frames (age = 5)
Internal: deleting an allocation that is older than its permitted lifetime of 4 frames (age = 5)
Internal: deleting an allocation that is older than its permitted lifetime of 4 frames (age = 5)
Internal: deleting an allocation that is older than its permitted lifetime of 4 frames (age = 5)
Internal: deleting an allocation that is older than its permitted lifetime of 4 frames (age = 5)
Internal: deleting an allocation that is older than its permitted lifetime of 4 frames (age = 5)
Internal: JobTempAlloc has allocations that are more than 4 frames old - this is not allowed and likely a leak
Internal: deleting an allocation that is older than its permitted lifetime of 4 frames (age = 5)
Internal: deleting an allocation that is older than its permitted lifetime of 4 frames (age = 5)
Internal: deleting an allocation that is older than its permitted lifetime of 4 frames (age = 5)
Internal: deleting an allocation that is older than its permitted lifetime of 4 frames (age = 5)
Internal: deleting an allocation that is older than its permitted lifetime of 4 frames (age = 5)
Internal: deleting an allocation that is older than its permitted lifetime of 4 frames (age = 5)
Internal: deleting an allocation that is older than its permitted lifetime of 4 frames (age = 5)
Internal: deleting an allocation that is older than its permitted lifetime of 4 frames (age = 5)
Internal: deleting an allocation that is older than its permitted lifetime of 4 frames (age = 5)
Internal: deleting an allocation that is older than its permitted lifetime of 4 frames (age = 5)
Total reward: 17.39532
Total reward: 17.39065
Total reward: 17.04271
Total reward: 17.33752
Total reward: 17.45638
Total reward: 17.54038
Total reward: 17.41019
Total reward: 17.27872
Total reward: 17.44972
Total reward: 17.23495
Total reward: 17.42917
Total reward: 17.51559
Total reward: 17.45312
Total reward: 17.48528
Total reward: 17.46757
Total reward: 17.4969
Total reward: 17.49166
Total reward: 17.41968
Total reward: 17.45978
Total reward: 17.58982
Total reward: 17.41572
Total reward: 17.41118
Total reward: 17.58982
Total reward: 17.38767
Total reward: 17.53074
Total reward: 17.28793
Total reward: 17.43399
Total reward: 17.54818
Total reward: 17.27476
Total reward: 17.2664
Total reward: 17.34658
Total reward: 17.30238
Total reward: 17.28523
Total reward: 17.50751
Internal: JobTempAlloc has allocations that are more than 4 frames old - this is not allowed and likely a leak
Total reward: 17.40225
Total reward: 17.09172
Total reward: 17.25577
Total reward: 17.1617
Total reward: 17.30805
Total reward: 17.40863
Total reward: 17.54548
Total reward: 17.5826
Total reward: 17.38512
Total reward: 17.49661
Total reward: 17.44023
Total reward: 17.49618
Total reward: 17.27632
Internal: JobTempAlloc has allocations that are more than 4 frames old - this is not allowed and likely a leak
Internal: deleting an allocation that is older than its permitted lifetime of 4 frames (age = 5)
Internal: deleting an allocation that is older than its permitted lifetime of 4 frames (age = 5)
Internal: deleting an allocation that is older than its permitted lifetime of 4 frames (age = 5)
Internal: deleting an allocation that is older than its permitted lifetime of 4 frames (age = 5)
Internal: deleting an allocation that is older than its permitted lifetime of 4 frames (age = 5)
Internal: deleting an allocation that is older than its permitted lifetime of 4 frames (age = 5)
Internal: deleting an allocation that is older than its permitted lifetime of 4 frames (age = 5)
Total reward: 17.07217
Total reward: 17.13238
Total reward: 17.14273
Total reward: 17.45496
Total reward: 17.4806
Internal: JobTempAlloc has allocations that are more than 4 frames old - this is not allowed and likely a leak
Internal: deleting an allocation that is older than its permitted lifetime of 4 frames (age = 5)
Internal: deleting an allocation that is older than its permitted lifetime of 4 frames (age = 5)
Internal: deleting an allocation that is older than its permitted lifetime of 4 frames (age = 5)
Internal: deleting an allocation that is older than its permitted lifetime of 4 frames (age = 5)
Internal: deleting an allocation that is older than its permitted lifetime of 4 frames (age = 5)
Internal: deleting an allocation that is older than its permitted lifetime of 4 frames (age = 5)
Internal: deleting an allocation that is older than its permitted lifetime of 4 frames (age = 5)
Total reward: 17.162
Total reward: 17.48882
Total reward: 17.29105
Total reward: 16.79904
Total reward: 17.03931
Total reward: 17.15434
Total reward: 17.27475
Total reward: 17.44929
Total reward: 17.28722
Total reward: 17.46771
Total reward: 17.35835
Total reward: 17.38554
Total reward: 17.52807
Total reward: 17.35933
Total reward: 17.20379
Total reward: 16.20673
Total reward: 17.03477
Total reward: 17.20421
Total reward: 17.26768
Total reward: 16.89424
Total reward: 16.61288
Total reward: 16.00344
Total reward: 17.3096
Total reward: 17.45751
Internal: JobTempAlloc has allocations that are more than 4 frames old - this is not allowed and likely a leak
Internal: deleting an allocation that is older than its permitted lifetime of 4 frames (age = 5)
Internal: deleting an allocation that is older than its permitted lifetime of 4 frames (age = 5)
Internal: deleting an allocation that is older than its permitted lifetime of 4 frames (age = 5)
Internal: deleting an allocation that is older than its permitted lifetime of 4 frames (age = 5)
Internal: deleting an allocation that is older than its permitted lifetime of 4 frames (age = 5)
Internal: deleting an allocation that is older than its permitted lifetime of 4 frames (age = 5)
Internal: deleting an allocation that is older than its permitted lifetime of 4 frames (age = 5)
Total reward: 17.49435
Total reward: 17.60427
Total reward: 17.3106
Total reward: 17.47267
Total reward: 17.28679
Total reward: 17.43895
Total reward: 17.24019
Total reward: 17.48952
Total reward: 17.5374
Total reward: 17.58372
Total reward: 17.50808
Internal: JobTempAlloc has allocations that are more than 4 frames old - this is not allowed and likely a leak
Internal: deleting an allocation that is older than its permitted lifetime of 4 frames (age = 5)
Internal: deleting an allocation that is older than its permitted lifetime of 4 frames (age = 5)
Internal: deleting an allocation that is older than its permitted lifetime of 4 frames (age = 5)
Internal: deleting an allocation that is older than its permitted lifetime of 4 frames (age = 5)
Internal: deleting an allocation that is older than its permitted lifetime of 4 frames (age = 5)
Internal: deleting an allocation that is older than its permitted lifetime of 4 frames (age = 5)
Internal: deleting an allocation that is older than its permitted lifetime of 4 frames (age = 5)
Total reward: 17.4279
Total reward: 17.50469
Internal: JobTempAlloc has allocations that are more than 4 frames old - this is not allowed and likely a leak
Internal: deleting an allocation that is older than its permitted lifetime of 4 frames (age = 5)
Internal: deleting an allocation that is older than its permitted lifetime of 4 frames (age = 5)
Internal: deleting an allocation that is older than its permitted lifetime of 4 frames (age = 5)
Internal: deleting an allocation that is older than its permitted lifetime of 4 frames (age = 5)
Internal: deleting an allocation that is older than its permitted lifetime of 4 frames (age = 5)
Internal: deleting an allocation that is older than its permitted lifetime of 4 frames (age = 5)
Internal: deleting an allocation that is older than its permitted lifetime of 4 frames (age = 5)
Internal: deleting an allocation that is older than its permitted lifetime of 4 frames (age = 5)
Internal: deleting an allocation that is older than its permitted lifetime of 4 frames (age = 5)
Internal: deleting an allocation that is older than its permitted lifetime of 4 frames (age = 5)
Total reward: 17.21596
Total reward: 17.50511
Total reward: 17.48075
Total reward: 17.15052
Total reward: 17.54846
Total reward: 17.46686
Total reward: 17.30861
Total reward: 17.46474
Total reward: 17.417
Total reward: 17.4952
Total reward: 17.4449
Total reward: 17.40707
Total reward: 17.47267
Total reward: 17.40055
Total reward: 17.416
Total reward: 17.44504
Total reward: 17.34417
Total reward: 17.27404
Total reward: 17.33312
Total reward: 17.30549
Total reward: 17.46431
Total reward: 17.40353
Total reward: 17.18239
Total reward: 17.3854
Total reward: 16.72537
Total reward: 17.15264
Total reward: 17.19684
