Mono path[0] = 'C:/Users/elect/OneDrive/Desktop/CSPractice/ECSCrowdSim/Builds/ScaleableWall/CrowdSim_Data/Managed'
Mono config path = 'C:/Users/elect/OneDrive/Desktop/CSPractice/ECSCrowdSim/Builds/ScaleableWall/MonoBleedingEdge/etc'
Initialize engine version: 2020.3.48f1 (b805b124c6b7)
[Subsystems] Discovering subsystems at path C:/Users/elect/OneDrive/Desktop/CSPractice/ECSCrowdSim/Builds/ScaleableWall/CrowdSim_Data/UnitySubsystems
Forcing GfxDevice: Null
GfxDevice: creating device client; threaded=0
NullGfxDevice:
    Version:  NULL 1.0 [1.0]
    Renderer: Null Device
    Vendor:   Unity Technologies
Begin MonoManager ReloadAssembly
- Completed reload, in  1.904 seconds
ERROR: Shader Hidden/Universal Render Pipeline/Blit shader is not supported on this GPU (none of subshaders/fallbacks are suitable)
ERROR: Shader Hidden/Universal Render Pipeline/CopyDepth shader is not supported on this GPU (none of subshaders/fallbacks are suitable)
ERROR: Shader Hidden/Universal Render Pipeline/ScreenSpaceShadows shader is not supported on this GPU (none of subshaders/fallbacks are suitable)
ERROR: Shader Hidden/Universal Render Pipeline/Sampling shader is not supported on this GPU (none of subshaders/fallbacks are suitable)
ERROR: Shader Hidden/Universal Render Pipeline/LutBuilderLdr shader is not supported on this GPU (none of subshaders/fallbacks are suitable)
ERROR: Shader Hidden/Universal Render Pipeline/LutBuilderHdr shader is not supported on this GPU (none of subshaders/fallbacks are suitable)
ERROR: Shader Hidden/Universal Render Pipeline/UberPost shader is not supported on this GPU (none of subshaders/fallbacks are suitable)
ERROR: Shader Hidden/Universal Render Pipeline/Stop NaN shader is not supported on this GPU (none of subshaders/fallbacks are suitable)
ERROR: Shader Hidden/Universal Render Pipeline/PaniniProjection shader is not supported on this GPU (none of subshaders/fallbacks are suitable)
ERROR: Shader Hidden/Universal Render Pipeline/SubpixelMorphologicalAntialiasing shader is not supported on this GPU (none of subshaders/fallbacks are suitable)
ERROR: Shader Hidden/Universal Render Pipeline/FinalPost shader is not supported on this GPU (none of subshaders/fallbacks are suitable)
WARNING: Shader Unsupported: 'Hidden/Universal Render Pipeline/StencilDeferred' - All subshaders removed
WARNING: Shader Did you use #pragma only_renderers and omit this platform?
WARNING: Shader If subshaders removal was intentional, you may have forgotten turning Fallback off?
ERROR: Shader Hidden/Universal Render Pipeline/StencilDeferred shader is not supported on this GPU (none of subshaders/fallbacks are suitable)
WARNING: Shader Unsupported: 'Hidden/Universal Render Pipeline/StencilDeferred' - All subshaders removed
WARNING: Shader Did you use #pragma only_renderers and omit this platform?
WARNING: Shader If subshaders removal was intentional, you may have forgotten turning Fallback off?
ERROR: Shader Hidden/Universal Render Pipeline/BokehDepthOfField shader is not supported on this GPU (none of subshaders/fallbacks are suitable)
ERROR: Shader Hidden/Universal Render Pipeline/CameraMotionBlur shader is not supported on this GPU (none of subshaders/fallbacks are suitable)
ERROR: Shader Hidden/Universal Render Pipeline/GaussianDepthOfField shader is not supported on this GPU (none of subshaders/fallbacks are suitable)
ERROR: Shader Hidden/Universal Render Pipeline/Bloom shader is not supported on this GPU (none of subshaders/fallbacks are suitable)
ERROR: Shader Sprites/Default shader is not supported on this GPU (none of subshaders/fallbacks are suitable)
Microsoft Media Foundation video decoding to texture disabled: graphics device is Null, only Direct3D 11 and Direct3D 12 (only on desktop) are supported for hardware-accelerated video decoding.
ERROR: Shader Sprites/Mask shader is not supported on this GPU (none of subshaders/fallbacks are suitable)
WARNING: Shader Unsupported: 'Universal Render Pipeline/Lit' - All subshaders removed
WARNING: Shader Did you use #pragma only_renderers and omit this platform?
WARNING: Shader If subshaders removal was intentional, you may have forgotten turning Fallback off?
ERROR: Shader Universal Render Pipeline/Lit shader is not supported on this GPU (none of subshaders/fallbacks are suitable)
WARNING: Shader Unsupported: 'Universal Render Pipeline/Lit' - All subshaders removed
WARNING: Shader Did you use #pragma only_renderers and omit this platform?
WARNING: Shader If subshaders removal was intentional, you may have forgotten turning Fallback off?
UnloadTime: 8.692900 ms
No SRP present, no compute shader support, or running with -nographics. Hybrid Renderer disabled
Warning: No Graphics Device found. Deformation systems will not run.
NullReferenceException: Object reference not set to an instance of an object
  at Unity.Scenes.ResourceCatalogData.GetGUIDFromPath (System.String path) [0x000b8] in <8bb897719c904c72aec2a1b03525dd53>:0 
  at Unity.Scenes.SceneSystem.GetSceneGUID (System.String scenePath) [0x0000c] in <8bb897719c904c72aec2a1b03525dd53>:0 
  at Unity.Scenes.GameObjectSceneUtility.AddGameObjectSceneReferences () [0x00044] in <8bb897719c904c72aec2a1b03525dd53>:0 
  at Unity.Entities.AutomaticWorldBootstrap.Initialize () [0x0000d] in <5b4f729cfdd14b019dc7af518decdec6>:0 

Fallback handler could not load library C:/Users/elect/OneDrive/Desktop/CSPractice/ECSCrowdSim/Builds/ScaleableWall/CrowdSim_Data/Mono/libcoreclr.so
Fallback handler could not load library C:/Users/elect/OneDrive/Desktop/CSPractice/ECSCrowdSim/Builds/ScaleableWall/CrowdSim_Data/Mono/libcoreclr.so.dll
Fallback handler could not load library C:/Users/elect/OneDrive/Desktop/CSPractice/ECSCrowdSim/Builds/ScaleableWall/CrowdSim_Data/Mono/libcoreclr.so
Fallback handler could not load library C:/Users/elect/OneDrive/Desktop/CSPractice/ECSCrowdSim/Builds/ScaleableWall/CrowdSim_Data/Mono/libdl.so
Fallback handler could not load library C:/Users/elect/OneDrive/Desktop/CSPractice/ECSCrowdSim/Builds/ScaleableWall/CrowdSim_Data/Mono/libdl.so.dll
Fallback handler could not load library C:/Users/elect/OneDrive/Desktop/CSPractice/ECSCrowdSim/Builds/ScaleableWall/CrowdSim_Data/Mono/libdl.so
Fallback handler could not load library C:/Users/elect/OneDrive/Desktop/CSPractice/ECSCrowdSim/Builds/ScaleableWall/CrowdSim_Data/Mono/libSystem.dylib
Fallback handler could not load library C:/Users/elect/OneDrive/Desktop/CSPractice/ECSCrowdSim/Builds/ScaleableWall/CrowdSim_Data/Mono/libSystem.dylib.dll
Fallback handler could not load library C:/Users/elect/OneDrive/Desktop/CSPractice/ECSCrowdSim/Builds/ScaleableWall/CrowdSim_Data/Mono/libSystem.dylib
Fallback handler could not load library C:/Users/elect/OneDrive/Desktop/CSPractice/ECSCrowdSim/Builds/ScaleableWall/CrowdSim_Data/Mono/libcoreclr.so
Fallback handler could not load library C:/Users/elect/OneDrive/Desktop/CSPractice/ECSCrowdSim/Builds/ScaleableWall/CrowdSim_Data/Mono/libcoreclr.so.dll
Fallback handler could not load library C:/Users/elect/OneDrive/Desktop/CSPractice/ECSCrowdSim/Builds/ScaleableWall/CrowdSim_Data/Mono/libcoreclr.so
Fallback handler could not load library C:/Users/elect/OneDrive/Desktop/CSPractice/ECSCrowdSim/Builds/ScaleableWall/CrowdSim_Data/Mono/libdl.so
Fallback handler could not load library C:/Users/elect/OneDrive/Desktop/CSPractice/ECSCrowdSim/Builds/ScaleableWall/CrowdSim_Data/Mono/libdl.so.dll
Fallback handler could not load library C:/Users/elect/OneDrive/Desktop/CSPractice/ECSCrowdSim/Builds/ScaleableWall/CrowdSim_Data/Mono/libdl.so
Fallback handler could not load library C:/Users/elect/OneDrive/Desktop/CSPractice/ECSCrowdSim/Builds/ScaleableWall/CrowdSim_Data/Mono/libSystem.dylib
Fallback handler could not load library C:/Users/elect/OneDrive/Desktop/CSPractice/ECSCrowdSim/Builds/ScaleableWall/CrowdSim_Data/Mono/libSystem.dylib.dll
Fallback handler could not load library C:/Users/elect/OneDrive/Desktop/CSPractice/ECSCrowdSim/Builds/ScaleableWall/CrowdSim_Data/Mono/libSystem.dylib
Total reward: 22.34269, elapsed time: 59.92453
Total reward: 23.11819, elapsed time: 60.00953
Total reward: 23.38448, elapsed time: 60.00953
Total reward: 23.18658, elapsed time: 50.65963
Total reward: 23.14286, elapsed time: 60.00953
Total reward: 22.20706, elapsed time: 60.00953
Total reward: 24.09963, elapsed time: 49.72464
Total reward: 22.9551, elapsed time: 60.00953
Total reward: 22.57006, elapsed time: 60.00953
Total reward: 22.98705, elapsed time: 60.00953
Total reward: 10.72959, elapsed time: 60.00953
Total reward: 11.70565, elapsed time: 60.00953
Total reward: 22.91429, elapsed time: 53.7196
Total reward: 22.73762, elapsed time: 60.00953
Total reward: 23.39002, elapsed time: 53.29461
Internal: JobTempAlloc has allocations that are more than 4 frames old - this is not allowed and likely a leak
Total reward: 22.51311, elapsed time: 60.00953
Total reward: 23.0392, elapsed time: 60.00953
Total reward: 22.60093, elapsed time: 56.09958
Total reward: 23.82537, elapsed time: 60.00953
Total reward: 23.26011, elapsed time: 52.27462
Total reward: 9.839396, elapsed time: 60.00953
Total reward: 10.97184, elapsed time: 60.00953
Total reward: 22.50133, elapsed time: 53.29461
Total reward: 24.67478, elapsed time: 49.04465
Total reward: 22.70902, elapsed time: 56.26957
Total reward: 23.10936, elapsed time: 55.16459
Total reward: 23.23943, elapsed time: 60.00953
Total reward: 23.2135, elapsed time: 52.95461
Total reward: 22.33348, elapsed time: 60.00953
Total reward: 22.1214, elapsed time: 56.43957
Total reward: 10.34304, elapsed time: 60.00953
Total reward: 11.31532, elapsed time: 60.00953
Total reward: 23.25916, elapsed time: 60.00953
Total reward: 12.21739, elapsed time: 60.00953
Total reward: 10.79989, elapsed time: 60.00953
Total reward: 22.85153, elapsed time: 53.29461
Total reward: 23.18729, elapsed time: 56.01458
Total reward: 22.21578, elapsed time: 60.00953
Total reward: 22.93024, elapsed time: 60.00953
Total reward: 22.91829, elapsed time: 60.00953
Total reward: 23.15768, elapsed time: 53.8896
Total reward: 22.56015, elapsed time: 53.4646
Total reward: 23.64472, elapsed time: 50.82963
Internal: JobTempAlloc has allocations that are more than 4 frames old - this is not allowed and likely a leak
Internal: deleting an allocation that is older than its permitted lifetime of 4 frames (age = 6)
Internal: deleting an allocation that is older than its permitted lifetime of 4 frames (age = 6)
Internal: deleting an allocation that is older than its permitted lifetime of 4 frames (age = 5)
Internal: deleting an allocation that is older than its permitted lifetime of 4 frames (age = 5)
Internal: deleting an allocation that is older than its permitted lifetime of 4 frames (age = 6)
Internal: deleting an allocation that is older than its permitted lifetime of 4 frames (age = 5)
Internal: deleting an allocation that is older than its permitted lifetime of 4 frames (age = 6)
Internal: deleting an allocation that is older than its permitted lifetime of 4 frames (age = 6)
Internal: deleting an allocation that is older than its permitted lifetime of 4 frames (age = 6)
Internal: deleting an allocation that is older than its permitted lifetime of 4 frames (age = 6)
Internal: deleting an allocation that is older than its permitted lifetime of 4 frames (age = 5)
Internal: deleting an allocation that is older than its permitted lifetime of 4 frames (age = 5)
Internal: deleting an allocation that is older than its permitted lifetime of 4 frames (age = 5)
Internal: deleting an allocation that is older than its permitted lifetime of 4 frames (age = 5)
Internal: deleting an allocation that is older than its permitted lifetime of 4 frames (age = 5)
Internal: deleting an allocation that is older than its permitted lifetime of 4 frames (age = 5)
Internal: deleting an allocation that is older than its permitted lifetime of 4 frames (age = 5)
Internal: deleting an allocation that is older than its permitted lifetime of 4 frames (age = 5)
Internal: deleting an allocation that is older than its permitted lifetime of 4 frames (age = 5)
Internal: deleting an allocation that is older than its permitted lifetime of 4 frames (age = 5)
Internal: deleting an allocation that is older than its permitted lifetime of 4 frames (age = 5)
Internal: deleting an allocation that is older than its permitted lifetime of 4 frames (age = 6)
Internal: deleting an allocation that is older than its permitted lifetime of 4 frames (age = 6)
Internal: deleting an allocation that is older than its permitted lifetime of 4 frames (age = 7)
Internal: deleting an allocation that is older than its permitted lifetime of 4 frames (age = 6)
Internal: deleting an allocation that is older than its permitted lifetime of 4 frames (age = 7)
Total reward: 23.26577, elapsed time: 58.73455
Total reward: 22.56513, elapsed time: 60.00953
Total reward: 23.94589, elapsed time: 53.7196
Total reward: 23.31458, elapsed time: 60.00953
Total reward: 10.17969, elapsed time: 60.00953
Total reward: 11.32234, elapsed time: 60.00953
Total reward: 22.91728, elapsed time: 53.9746
Total reward: 22.47046, elapsed time: 60.00953
Total reward: 20.78656, elapsed time: 60.00953
Total reward: 22.52766, elapsed time: 60.00953
Total reward: 21.20526, elapsed time: 60.00953
Total reward: 22.52065, elapsed time: 60.00953
Total reward: 22.73814, elapsed time: 60.00953
Total reward: 23.43011, elapsed time: 60.00953
Total reward: 23.96334, elapsed time: 50.06464
Total reward: 21.12269, elapsed time: 60.00953
Total reward: 23.44478, elapsed time: 60.00953
Total reward: 23.10259, elapsed time: 60.00953
Total reward: 23.0391, elapsed time: 56.18457
Total reward: 23.06716, elapsed time: 57.71456
Total reward: 22.78251, elapsed time: 60.00953
Total reward: 23.9316, elapsed time: 49.97964
Total reward: 22.83002, elapsed time: 60.00953
Total reward: 22.68655, elapsed time: 60.00953
Total reward: 23.34695, elapsed time: 53.6346
Total reward: 10.01868, elapsed time: 60.00953
Total reward: 11.05732, elapsed time: 60.00953
Total reward: 22.76178, elapsed time: 60.00953
Total reward: 23.83923, elapsed time: 60.00953
Total reward: 22.83187, elapsed time: 60.00953
Total reward: 23.63522, elapsed time: 60.00953
Total reward: 9.920858, elapsed time: 60.00953
Total reward: 10.77238, elapsed time: 60.00953
Total reward: 24.03463, elapsed time: 60.00953
Total reward: 23.20314, elapsed time: 53.5496
Total reward: 22.78143, elapsed time: 56.18457
Total reward: 9.380214, elapsed time: 60.00953
Total reward: 11.10871, elapsed time: 60.00953
Total reward: 22.04502, elapsed time: 60.00953
Total reward: 10.45673, elapsed time: 60.00953
Total reward: 10.75945, elapsed time: 60.00953
Total reward: 9.570898, elapsed time: 60.00953
Total reward: 10.76186, elapsed time: 60.00953
Total reward: 22.5723, elapsed time: 60.00953
Internal: JobTempAlloc has allocations that are more than 4 frames old - this is not allowed and likely a leak
Internal: deleting an allocation that is older than its permitted lifetime of 4 frames (age = 5)
Internal: deleting an allocation that is older than its permitted lifetime of 4 frames (age = 5)
Internal: deleting an allocation that is older than its permitted lifetime of 4 frames (age = 5)
Internal: deleting an allocation that is older than its permitted lifetime of 4 frames (age = 5)
Internal: deleting an allocation that is older than its permitted lifetime of 4 frames (age = 5)
Internal: deleting an allocation that is older than its permitted lifetime of 4 frames (age = 5)
Internal: deleting an allocation that is older than its permitted lifetime of 4 frames (age = 5)
Internal: deleting an allocation that is older than its permitted lifetime of 4 frames (age = 5)
Internal: deleting an allocation that is older than its permitted lifetime of 4 frames (age = 5)
Internal: deleting an allocation that is older than its permitted lifetime of 4 frames (age = 5)
Internal: deleting an allocation that is older than its permitted lifetime of 4 frames (age = 5)
Internal: deleting an allocation that is older than its permitted lifetime of 4 frames (age = 5)
Internal: deleting an allocation that is older than its permitted lifetime of 4 frames (age = 5)
Internal: deleting an allocation that is older than its permitted lifetime of 4 frames (age = 5)
Internal: deleting an allocation that is older than its permitted lifetime of 4 frames (age = 5)
Internal: deleting an allocation that is older than its permitted lifetime of 4 frames (age = 5)
Total reward: 23.27979, elapsed time: 54.0596
Total reward: 22.59384, elapsed time: 60.00953
Total reward: 9.664032, elapsed time: 60.00953
Total reward: 11.298, elapsed time: 60.00953
Total reward: 11.11935, elapsed time: 60.00953
Total reward: 23.48407, elapsed time: 56.69457
Total reward: 20.87607, elapsed time: 60.00953
Total reward: 23.04478, elapsed time: 53.29461
Total reward: 22.70267, elapsed time: 55.41958
Total reward: 24.07752, elapsed time: 52.35962
Total reward: 23.81005, elapsed time: 60.00953
Total reward: 22.49341, elapsed time: 56.09958
Total reward: 22.60436, elapsed time: 60.00953
Total reward: 23.60746, elapsed time: 54.65459
Total reward: 23.59726, elapsed time: 49.04465
Total reward: 21.02322, elapsed time: 60.00953
Total reward: 22.08047, elapsed time: 60.00953
Total reward: 22.2705, elapsed time: 60.00953
Total reward: 23.12013, elapsed time: 51.08463
Total reward: 23.60759, elapsed time: 54.82459
Total reward: 21.76652, elapsed time: 60.00953
Total reward: 11.84297, elapsed time: 60.00953
Total reward: 11.09684, elapsed time: 60.00953
Total reward: 11.07541, elapsed time: 60.00953
Total reward: 23.10229, elapsed time: 54.2296
Total reward: 9.41464, elapsed time: 60.00953
Total reward: 10.4984, elapsed time: 60.00953
Total reward: 0, elapsed time: 60.00953
Total reward: 0, elapsed time: 60.00953
Total reward: 23.07411, elapsed time: 52.69961
Total reward: 22.57882, elapsed time: 60.00953
Total reward: 22.41821, elapsed time: 60.00953
Total reward: 23.71726, elapsed time: 60.00953
Total reward: 21.43977, elapsed time: 60.00953
Total reward: 23.88754, elapsed time: 51.08463
Total reward: 22.82214, elapsed time: 60.00953
Total reward: 9.822981, elapsed time: 60.00953
Total reward: 10.00546, elapsed time: 60.00953
Total reward: 23.9748, elapsed time: 49.46965
Total reward: 23.87281, elapsed time: 56.60957
Total reward: 22.45219, elapsed time: 60.00953
Total reward: 22.71252, elapsed time: 60.00953
Total reward: 21.78038, elapsed time: 60.00953
Total reward: 22.82689, elapsed time: 52.78461
Total reward: 23.9541, elapsed time: 51.59462
Total reward: 23.22738, elapsed time: 60.00953
Total reward: 22.82705, elapsed time: 60.00953
Total reward: 23.54881, elapsed time: 54.48459
Total reward: 22.95931, elapsed time: 60.00953
Total reward: 19.89216, elapsed time: 60.00953
Total reward: 23.79333, elapsed time: 50.06464
Total reward: 22.82221, elapsed time: 55.50458
Total reward: 23.56015, elapsed time: 49.12965
Total reward: 20.78109, elapsed time: 60.00953
Total reward: 23.16548, elapsed time: 52.01962
Total reward: 21.95257, elapsed time: 60.00953
Total reward: 23.12042, elapsed time: 53.5496
Total reward: 23.53069, elapsed time: 51.50962
Total reward: 22.29084, elapsed time: 60.00953
Total reward: 23.42343, elapsed time: 52.01962
Total reward: 22.81117, elapsed time: 54.90959
Total reward: 22.85498, elapsed time: 60.00953
Total reward: 8.958682, elapsed time: 60.00953
Total reward: 8.133497, elapsed time: 60.00953
Total reward: 23.60539, elapsed time: 60.00953
Total reward: 5.614193, elapsed time: 60.00953
Total reward: 23.03422, elapsed time: 60.00953
Total reward: 23.63621, elapsed time: 51.84962
Total reward: 23.58762, elapsed time: 49.72464
Total reward: 20.93414, elapsed time: 60.00953
Total reward: 10.02619, elapsed time: 60.00953
Total reward: 11.66159, elapsed time: 60.00953
Total reward: 23.79291, elapsed time: 49.38465
Total reward: 22.79683, elapsed time: 60.00953
Total reward: 20.59571, elapsed time: 60.00953
Total reward: 22.86373, elapsed time: 54.31459
Total reward: 22.99172, elapsed time: 60.00953
Total reward: 23.12156, elapsed time: 51.33963
Total reward: 23.9333, elapsed time: 49.80964
Total reward: 22.38773, elapsed time: 54.99459
Internal: JobTempAlloc has allocations that are more than 4 frames old - this is not allowed and likely a leak
Internal: deleting an allocation that is older than its permitted lifetime of 4 frames (age = 5)
Internal: deleting an allocation that is older than its permitted lifetime of 4 frames (age = 5)
Internal: deleting an allocation that is older than its permitted lifetime of 4 frames (age = 5)
Internal: deleting an allocation that is older than its permitted lifetime of 4 frames (age = 5)
Internal: deleting an allocation that is older than its permitted lifetime of 4 frames (age = 5)
Internal: deleting an allocation that is older than its permitted lifetime of 4 frames (age = 5)
Internal: deleting an allocation that is older than its permitted lifetime of 4 frames (age = 5)
Total reward: 22.90561, elapsed time: 60.00953
Total reward: 21.9219, elapsed time: 60.00953
Total reward: 23.67886, elapsed time: 52.86961
Total reward: 23.17706, elapsed time: 60.00953
Total reward: 23.23291, elapsed time: 52.27462
Total reward: 23.13888, elapsed time: 60.00953
Total reward: 23.38972, elapsed time: 50.74463
Total reward: 23.7385, elapsed time: 54.39959
Total reward: 23.5773, elapsed time: 53.20961
Total reward: 23.61241, elapsed time: 50.91463
Total reward: 10.17167, elapsed time: 60.00953
Total reward: 10.86106, elapsed time: 60.00953
Total reward: 23.17836, elapsed time: 55.50458
Total reward: 22.76451, elapsed time: 60.00953
Total reward: 23.67362, elapsed time: 55.75958
Total reward: 23.10485, elapsed time: 51.42463
Total reward: 12.25111, elapsed time: 60.00953
Total reward: 11.58075, elapsed time: 60.00953
Total reward: 10.84704, elapsed time: 60.00953
Total reward: 10.54991, elapsed time: 60.00953
Total reward: 10.73744, elapsed time: 60.00953
Total reward: 23.60677, elapsed time: 51.33963
Total reward: 22.9619, elapsed time: 56.26957
Total reward: 22.76936, elapsed time: 60.00953
Total reward: 24.036, elapsed time: 60.00953
Total reward: 24.13686, elapsed time: 48.27966
Total reward: 23.52644, elapsed time: 48.61966
Total reward: 21.03383, elapsed time: 60.00953
Total reward: 22.42033, elapsed time: 60.00953
Total reward: 22.76965, elapsed time: 53.12461
Total reward: 23.27654, elapsed time: 56.43957
Total reward: 10.17309, elapsed time: 60.00953
Total reward: 11.21313, elapsed time: 60.00953
Total reward: 8.848466, elapsed time: 60.00953
Total reward: 22.95934, elapsed time: 60.00953
Total reward: 10.1413, elapsed time: 60.00953
Total reward: 11.01892, elapsed time: 60.00953
Total reward: 10.69647, elapsed time: 60.00953
Total reward: 10.60362, elapsed time: 60.00953
Total reward: 23.55279, elapsed time: 52.27462
Total reward: 20.14636, elapsed time: 60.00953
Total reward: 23.13219, elapsed time: 55.16459
Total reward: 21.8572, elapsed time: 60.00953
Total reward: 22.78326, elapsed time: 55.16459
Total reward: 22.45583, elapsed time: 60.00953
Total reward: 22.48973, elapsed time: 60.00953
Total reward: 22.47075, elapsed time: 60.00953
Total reward: 10.16793, elapsed time: 60.00953
Total reward: 11.13289, elapsed time: 60.00953
Total reward: 23.11904, elapsed time: 60.00953
Total reward: 23.63539, elapsed time: 50.65963
Total reward: 23.47688, elapsed time: 60.00953
Total reward: 22.54796, elapsed time: 54.56959
Total reward: 23.20017, elapsed time: 59.24454
Total reward: 22.2788, elapsed time: 60.00953
Total reward: 22.73146, elapsed time: 60.00953
Total reward: 22.78844, elapsed time: 60.00953
Total reward: 22.61307, elapsed time: 60.00953
Total reward: 22.29194, elapsed time: 60.00953
Total reward: 23.04746, elapsed time: 60.00953
Total reward: 12.13169, elapsed time: 60.00953
Total reward: 10.35452, elapsed time: 60.00953
Total reward: 24.00128, elapsed time: 50.65963
Total reward: 22.36478, elapsed time: 60.00953
Total reward: 12.13593, elapsed time: 60.00953
Total reward: 11.02937, elapsed time: 60.00953
Total reward: 21.92519, elapsed time: 56.35457
Total reward: 23.76358, elapsed time: 53.20961
Total reward: 23.66243, elapsed time: 60.00953
Total reward: 24.00258, elapsed time: 50.14964
Total reward: 22.79007, elapsed time: 60.00953
Total reward: 23.78029, elapsed time: 56.77957
Total reward: 22.45524, elapsed time: 60.00953
Total reward: 23.82535, elapsed time: 50.65963
Total reward: 20.98949, elapsed time: 60.00953
Total reward: 23.36833, elapsed time: 53.03961
Total reward: 21.34543, elapsed time: 60.00953
Total reward: 23.57292, elapsed time: 54.73959
Total reward: 20.57684, elapsed time: 60.00953
Total reward: 23.20641, elapsed time: 60.00953
Total reward: 23.21831, elapsed time: 59.07454
Total reward: 23.33006, elapsed time: 55.58958
Total reward: 9.561874, elapsed time: 60.00953
