Mono path[0] = 'C:/Users/elect/OneDrive/Desktop/CSPractice/ECSCrowdSim/Builds/ScaleableWall/CrowdSim_Data/Managed'
Mono config path = 'C:/Users/elect/OneDrive/Desktop/CSPractice/ECSCrowdSim/Builds/ScaleableWall/MonoBleedingEdge/etc'
Initialize engine version: 2020.3.48f1 (b805b124c6b7)
[Subsystems] Discovering subsystems at path C:/Users/elect/OneDrive/Desktop/CSPractice/ECSCrowdSim/Builds/ScaleableWall/CrowdSim_Data/UnitySubsystems
Forcing GfxDevice: Null
GfxDevice: creating device client; threaded=0
NullGfxDevice:
    Version:  NULL 1.0 [1.0]
    Renderer: Null Device
    Vendor:   Unity Technologies
Begin MonoManager ReloadAssembly
- Completed reload, in  1.957 seconds
ERROR: Shader Hidden/Universal Render Pipeline/Blit shader is not supported on this GPU (none of subshaders/fallbacks are suitable)
ERROR: Shader Hidden/Universal Render Pipeline/CopyDepth shader is not supported on this GPU (none of subshaders/fallbacks are suitable)
ERROR: Shader Hidden/Universal Render Pipeline/ScreenSpaceShadows shader is not supported on this GPU (none of subshaders/fallbacks are suitable)
ERROR: Shader Hidden/Universal Render Pipeline/Sampling shader is not supported on this GPU (none of subshaders/fallbacks are suitable)
ERROR: Shader Hidden/Universal Render Pipeline/LutBuilderLdr shader is not supported on this GPU (none of subshaders/fallbacks are suitable)
ERROR: Shader Hidden/Universal Render Pipeline/LutBuilderHdr shader is not supported on this GPU (none of subshaders/fallbacks are suitable)
ERROR: Shader Hidden/Universal Render Pipeline/UberPost shader is not supported on this GPU (none of subshaders/fallbacks are suitable)
ERROR: Shader Hidden/Universal Render Pipeline/Stop NaN shader is not supported on this GPU (none of subshaders/fallbacks are suitable)
ERROR: Shader Hidden/Universal Render Pipeline/PaniniProjection shader is not supported on this GPU (none of subshaders/fallbacks are suitable)
ERROR: Shader Hidden/Universal Render Pipeline/SubpixelMorphologicalAntialiasing shader is not supported on this GPU (none of subshaders/fallbacks are suitable)
ERROR: Shader Hidden/Universal Render Pipeline/FinalPost shader is not supported on this GPU (none of subshaders/fallbacks are suitable)
WARNING: Shader Unsupported: 'Hidden/Universal Render Pipeline/StencilDeferred' - All subshaders removed
WARNING: Shader Did you use #pragma only_renderers and omit this platform?
WARNING: Shader If subshaders removal was intentional, you may have forgotten turning Fallback off?
ERROR: Shader Hidden/Universal Render Pipeline/StencilDeferred shader is not supported on this GPU (none of subshaders/fallbacks are suitable)
WARNING: Shader Unsupported: 'Hidden/Universal Render Pipeline/StencilDeferred' - All subshaders removed
WARNING: Shader Did you use #pragma only_renderers and omit this platform?
WARNING: Shader If subshaders removal was intentional, you may have forgotten turning Fallback off?
ERROR: Shader Hidden/Universal Render Pipeline/BokehDepthOfField shader is not supported on this GPU (none of subshaders/fallbacks are suitable)
ERROR: Shader Hidden/Universal Render Pipeline/CameraMotionBlur shader is not supported on this GPU (none of subshaders/fallbacks are suitable)
ERROR: Shader Hidden/Universal Render Pipeline/GaussianDepthOfField shader is not supported on this GPU (none of subshaders/fallbacks are suitable)
ERROR: Shader Hidden/Universal Render Pipeline/Bloom shader is not supported on this GPU (none of subshaders/fallbacks are suitable)
ERROR: Shader Sprites/Default shader is not supported on this GPU (none of subshaders/fallbacks are suitable)
Microsoft Media Foundation video decoding to texture disabled: graphics device is Null, only Direct3D 11 and Direct3D 12 (only on desktop) are supported for hardware-accelerated video decoding.
ERROR: Shader Sprites/Mask shader is not supported on this GPU (none of subshaders/fallbacks are suitable)
WARNING: Shader Unsupported: 'Universal Render Pipeline/Lit' - All subshaders removed
WARNING: Shader Did you use #pragma only_renderers and omit this platform?
WARNING: Shader If subshaders removal was intentional, you may have forgotten turning Fallback off?
ERROR: Shader Universal Render Pipeline/Lit shader is not supported on this GPU (none of subshaders/fallbacks are suitable)
WARNING: Shader Unsupported: 'Universal Render Pipeline/Lit' - All subshaders removed
WARNING: Shader Did you use #pragma only_renderers and omit this platform?
WARNING: Shader If subshaders removal was intentional, you may have forgotten turning Fallback off?
UnloadTime: 1.322400 ms
No SRP present, no compute shader support, or running with -nographics. Hybrid Renderer disabled
Warning: No Graphics Device found. Deformation systems will not run.
NullReferenceException: Object reference not set to an instance of an object
  at Unity.Scenes.ResourceCatalogData.GetGUIDFromPath (System.String path) [0x000b8] in <8bb897719c904c72aec2a1b03525dd53>:0 
  at Unity.Scenes.SceneSystem.GetSceneGUID (System.String scenePath) [0x0000c] in <8bb897719c904c72aec2a1b03525dd53>:0 
  at Unity.Scenes.GameObjectSceneUtility.AddGameObjectSceneReferences () [0x00044] in <8bb897719c904c72aec2a1b03525dd53>:0 
  at Unity.Entities.AutomaticWorldBootstrap.Initialize () [0x0000d] in <5b4f729cfdd14b019dc7af518decdec6>:0 

Fallback handler could not load library C:/Users/elect/OneDrive/Desktop/CSPractice/ECSCrowdSim/Builds/ScaleableWall/CrowdSim_Data/Mono/libcoreclr.so
Fallback handler could not load library C:/Users/elect/OneDrive/Desktop/CSPractice/ECSCrowdSim/Builds/ScaleableWall/CrowdSim_Data/Mono/libcoreclr.so.dll
Fallback handler could not load library C:/Users/elect/OneDrive/Desktop/CSPractice/ECSCrowdSim/Builds/ScaleableWall/CrowdSim_Data/Mono/libcoreclr.so
Fallback handler could not load library C:/Users/elect/OneDrive/Desktop/CSPractice/ECSCrowdSim/Builds/ScaleableWall/CrowdSim_Data/Mono/libdl.so
Fallback handler could not load library C:/Users/elect/OneDrive/Desktop/CSPractice/ECSCrowdSim/Builds/ScaleableWall/CrowdSim_Data/Mono/libdl.so.dll
Fallback handler could not load library C:/Users/elect/OneDrive/Desktop/CSPractice/ECSCrowdSim/Builds/ScaleableWall/CrowdSim_Data/Mono/libdl.so
Fallback handler could not load library C:/Users/elect/OneDrive/Desktop/CSPractice/ECSCrowdSim/Builds/ScaleableWall/CrowdSim_Data/Mono/libSystem.dylib
Fallback handler could not load library C:/Users/elect/OneDrive/Desktop/CSPractice/ECSCrowdSim/Builds/ScaleableWall/CrowdSim_Data/Mono/libSystem.dylib.dll
Fallback handler could not load library C:/Users/elect/OneDrive/Desktop/CSPractice/ECSCrowdSim/Builds/ScaleableWall/CrowdSim_Data/Mono/libSystem.dylib
Fallback handler could not load library C:/Users/elect/OneDrive/Desktop/CSPractice/ECSCrowdSim/Builds/ScaleableWall/CrowdSim_Data/Mono/libcoreclr.so
Fallback handler could not load library C:/Users/elect/OneDrive/Desktop/CSPractice/ECSCrowdSim/Builds/ScaleableWall/CrowdSim_Data/Mono/libcoreclr.so.dll
Fallback handler could not load library C:/Users/elect/OneDrive/Desktop/CSPractice/ECSCrowdSim/Builds/ScaleableWall/CrowdSim_Data/Mono/libcoreclr.so
Fallback handler could not load library C:/Users/elect/OneDrive/Desktop/CSPractice/ECSCrowdSim/Builds/ScaleableWall/CrowdSim_Data/Mono/libdl.so
Fallback handler could not load library C:/Users/elect/OneDrive/Desktop/CSPractice/ECSCrowdSim/Builds/ScaleableWall/CrowdSim_Data/Mono/libdl.so.dll
Fallback handler could not load library C:/Users/elect/OneDrive/Desktop/CSPractice/ECSCrowdSim/Builds/ScaleableWall/CrowdSim_Data/Mono/libdl.so
Fallback handler could not load library C:/Users/elect/OneDrive/Desktop/CSPractice/ECSCrowdSim/Builds/ScaleableWall/CrowdSim_Data/Mono/libSystem.dylib
Fallback handler could not load library C:/Users/elect/OneDrive/Desktop/CSPractice/ECSCrowdSim/Builds/ScaleableWall/CrowdSim_Data/Mono/libSystem.dylib.dll
Fallback handler could not load library C:/Users/elect/OneDrive/Desktop/CSPractice/ECSCrowdSim/Builds/ScaleableWall/CrowdSim_Data/Mono/libSystem.dylib
Total reward: 22.79107, elapsed time: 52.86961
Total reward: 22.64996, elapsed time: 55.67458
Total reward: 22.76023, elapsed time: 60.00953
Total reward: 21.42945, elapsed time: 60.00953
Total reward: 23.64768, elapsed time: 57.03456
Total reward: 23.17874, elapsed time: 60.00953
Total reward: 22.92854, elapsed time: 60.00953
Internal: JobTempAlloc has allocations that are more than 4 frames old - this is not allowed and likely a leak
Internal: deleting an allocation that is older than its permitted lifetime of 4 frames (age = 5)
Internal: deleting an allocation that is older than its permitted lifetime of 4 frames (age = 5)
Internal: deleting an allocation that is older than its permitted lifetime of 4 frames (age = 5)
Internal: deleting an allocation that is older than its permitted lifetime of 4 frames (age = 5)
Internal: deleting an allocation that is older than its permitted lifetime of 4 frames (age = 5)
Internal: deleting an allocation that is older than its permitted lifetime of 4 frames (age = 5)
Internal: deleting an allocation that is older than its permitted lifetime of 4 frames (age = 5)
Internal: deleting an allocation that is older than its permitted lifetime of 4 frames (age = 5)
Internal: deleting an allocation that is older than its permitted lifetime of 4 frames (age = 5)
Internal: deleting an allocation that is older than its permitted lifetime of 4 frames (age = 5)
Total reward: 23.60561, elapsed time: 53.12461
Total reward: 23.79972, elapsed time: 49.97964
Total reward: 23.11758, elapsed time: 60.00953
Total reward: 23.56951, elapsed time: 49.46965
Total reward: 22.88741, elapsed time: 60.00953
Total reward: 23.31386, elapsed time: 60.00953
Total reward: 23.52642, elapsed time: 52.01962
Total reward: 22.57873, elapsed time: 60.00953
Total reward: 23.07264, elapsed time: 60.00953
Total reward: 23.65169, elapsed time: 49.21465
Total reward: 23.32074, elapsed time: 51.84962
Total reward: 22.47217, elapsed time: 54.99459
Total reward: 24.02453, elapsed time: 56.60957
Total reward: 23.24594, elapsed time: 55.58958
Total reward: 23.00193, elapsed time: 60.00953
Total reward: 23.35937, elapsed time: 60.00953
Total reward: 12.05802, elapsed time: 60.00953
Total reward: 11.1634, elapsed time: 60.00953
Total reward: 10.34831, elapsed time: 60.00953
Total reward: 22.86716, elapsed time: 60.00953
Total reward: 22.7593, elapsed time: 60.00953
Total reward: 22.34905, elapsed time: 58.22455
Total reward: 22.52282, elapsed time: 60.00953
Total reward: 12.29162, elapsed time: 60.00953
Total reward: 10.93416, elapsed time: 60.00953
Total reward: 22.78341, elapsed time: 55.41958
Total reward: 23.63736, elapsed time: 55.24958
Total reward: 22.83328, elapsed time: 60.00953
Total reward: 23.1599, elapsed time: 60.00953
Total reward: 23.18872, elapsed time: 60.00953
Total reward: 22.61968, elapsed time: 60.00953
Total reward: 12.06638, elapsed time: 60.00953
Total reward: 10.98124, elapsed time: 60.00953
Total reward: 23.16399, elapsed time: 60.00953
Total reward: 23.65222, elapsed time: 49.29965
Total reward: 21.64668, elapsed time: 60.00953
Total reward: 23.78979, elapsed time: 49.80964
Total reward: 23.27669, elapsed time: 50.40464
Total reward: 20.75168, elapsed time: 60.00953
Internal: JobTempAlloc has allocations that are more than 4 frames old - this is not allowed and likely a leak
Total reward: 23.35813, elapsed time: 51.50962
Total reward: 22.36422, elapsed time: 57.62956
Total reward: 10.21734, elapsed time: 60.00953
Total reward: 11.22485, elapsed time: 60.00953
Total reward: 21.43, elapsed time: 60.00953
Total reward: 23.15995, elapsed time: 60.00953
Internal: JobTempAlloc has allocations that are more than 4 frames old - this is not allowed and likely a leak
Total reward: 22.10828, elapsed time: 60.00953
Total reward: 23.61866, elapsed time: 51.33963
Total reward: 22.96558, elapsed time: 53.8896
Total reward: 22.96381, elapsed time: 60.00953
Total reward: 23.40742, elapsed time: 51.42463
Total reward: 23.65408, elapsed time: 51.42463
Total reward: 21.43668, elapsed time: 60.00953
Total reward: 24.22584, elapsed time: 50.99963
Total reward: 12.07162, elapsed time: 60.00953
Total reward: 11.04359, elapsed time: 60.00953
Total reward: 10.5518, elapsed time: 60.00953
Total reward: 19.91665, elapsed time: 60.00953
Total reward: 22.3984, elapsed time: 60.00953
Total reward: 10.27197, elapsed time: 60.00953
Total reward: 11.21746, elapsed time: 60.00953
Total reward: 22.29378, elapsed time: 60.00953
Total reward: 22.42365, elapsed time: 60.00953
Total reward: 10.3315, elapsed time: 60.00953
Total reward: 11.60764, elapsed time: 60.00953
Total reward: 22.38454, elapsed time: 60.00953
Total reward: 10.03311, elapsed time: 60.00953
Total reward: 11.01675, elapsed time: 60.00953
Total reward: 20.05877, elapsed time: 60.00953
Total reward: 23.01343, elapsed time: 60.00953
Total reward: 24.00244, elapsed time: 52.69961
Total reward: 22.10031, elapsed time: 60.00953
Total reward: 22.26577, elapsed time: 57.20456
Total reward: 23.66737, elapsed time: 51.84962
Total reward: 22.98403, elapsed time: 60.00953
Total reward: 23.51821, elapsed time: 50.40464
Total reward: 23.55647, elapsed time: 49.21465
Total reward: 24.07156, elapsed time: 49.97964
Total reward: 23.18231, elapsed time: 60.00953
Total reward: 11.56559, elapsed time: 60.00953
Total reward: 11.24457, elapsed time: 60.00953
Total reward: 22.76116, elapsed time: 55.50458
Total reward: 22.44708, elapsed time: 60.00953
Total reward: 23.40448, elapsed time: 52.52961
Internal: JobTempAlloc has allocations that are more than 4 frames old - this is not allowed and likely a leak
Internal: deleting an allocation that is older than its permitted lifetime of 4 frames (age = 5)
Internal: deleting an allocation that is older than its permitted lifetime of 4 frames (age = 5)
Internal: deleting an allocation that is older than its permitted lifetime of 4 frames (age = 5)
Internal: deleting an allocation that is older than its permitted lifetime of 4 frames (age = 5)
Internal: deleting an allocation that is older than its permitted lifetime of 4 frames (age = 5)
Internal: deleting an allocation that is older than its permitted lifetime of 4 frames (age = 5)
Internal: deleting an allocation that is older than its permitted lifetime of 4 frames (age = 5)
Total reward: 23.80721, elapsed time: 49.97964
Total reward: 19.99956, elapsed time: 60.00953
Total reward: 23.33295, elapsed time: 60.00953
Total reward: 23.46354, elapsed time: 51.50962
Total reward: 23.44823, elapsed time: 60.00953
Total reward: 24.20428, elapsed time: 55.92958
Total reward: 22.81866, elapsed time: 54.0596
Total reward: 12.32152, elapsed time: 60.00953
Total reward: 11.04243, elapsed time: 60.00953
Total reward: 24.00809, elapsed time: 55.07959
Total reward: 20.9536, elapsed time: 60.00953
Total reward: 22.67899, elapsed time: 60.00953
Total reward: 23.09442, elapsed time: 60.00953
Total reward: 22.93427, elapsed time: 60.00953
Total reward: 23.16214, elapsed time: 60.00953
Total reward: 11.96183, elapsed time: 60.00953
Total reward: 11.34905, elapsed time: 60.00953
Total reward: 22.98158, elapsed time: 53.4646
Total reward: 22.6721, elapsed time: 60.00953
Total reward: 12.13919, elapsed time: 60.00953
Total reward: 10.77686, elapsed time: 60.00953
Total reward: 10.01264, elapsed time: 60.00953
Total reward: 11.3165, elapsed time: 60.00953
Total reward: 12.22972, elapsed time: 60.00953
Total reward: 11.06667, elapsed time: 60.00953
Total reward: 21.52927, elapsed time: 60.00953
Total reward: 22.72532, elapsed time: 55.07959
Total reward: 23.02011, elapsed time: 60.00953
Total reward: 24.03105, elapsed time: 52.18962
Total reward: 21.23969, elapsed time: 60.00953
Total reward: 23.41042, elapsed time: 52.18962
Internal: JobTempAlloc has allocations that are more than 4 frames old - this is not allowed and likely a leak
Total reward: 23.06999, elapsed time: 57.28956
Total reward: 21.95456, elapsed time: 60.00953
Total reward: 22.88532, elapsed time: 60.00953
Total reward: 20.53292, elapsed time: 60.00953
Total reward: 23.20589, elapsed time: 60.00953
Total reward: 22.83837, elapsed time: 54.65459
Total reward: 22.57781, elapsed time: 60.00953
Total reward: 22.43984, elapsed time: 53.4646
Total reward: 23.34878, elapsed time: 52.78461
Total reward: 22.37214, elapsed time: 55.67458
Total reward: 22.43505, elapsed time: 58.47955
Total reward: 22.51244, elapsed time: 60.00953
Total reward: 22.41646, elapsed time: 60.00953
Total reward: 22.60498, elapsed time: 60.00953
Total reward: 23.92863, elapsed time: 49.21465
Total reward: 21.28896, elapsed time: 60.00953
Total reward: 23.5022, elapsed time: 52.18962
Total reward: 23.94846, elapsed time: 54.2296
Total reward: 23.07701, elapsed time: 60.00953
Total reward: 21.8956, elapsed time: 60.00953
Total reward: 23.78895, elapsed time: 50.48964
Total reward: 21.18444, elapsed time: 60.00953
Total reward: 23.42646, elapsed time: 60.00953
Total reward: 23.81301, elapsed time: 50.31964
Total reward: 12.08692, elapsed time: 60.00953
Total reward: 10.85569, elapsed time: 60.00953
Total reward: 22.9337, elapsed time: 60.00953
Total reward: 23.30414, elapsed time: 60.00953
Total reward: 23.11971, elapsed time: 53.4646
Total reward: 23.55207, elapsed time: 54.31459
Total reward: 22.88481, elapsed time: 60.00953
Total reward: 23.67463, elapsed time: 60.00953
Total reward: 22.99928, elapsed time: 52.86961
Total reward: 23.2056, elapsed time: 60.00953
Total reward: 22.80655, elapsed time: 60.00953
Total reward: 23.78086, elapsed time: 52.69961
Total reward: 23.55241, elapsed time: 60.00953
Total reward: 23.18447, elapsed time: 60.00953
Total reward: 23.91416, elapsed time: 52.18962
Total reward: 23.08387, elapsed time: 52.01962
Total reward: 12.10831, elapsed time: 60.00953
Total reward: 10.56339, elapsed time: 60.00953
Total reward: 22.59604, elapsed time: 60.00953
Total reward: 20.59513, elapsed time: 60.00953
Total reward: 21.72674, elapsed time: 60.00953
Total reward: 23.56014, elapsed time: 49.63964
Total reward: 22.64174, elapsed time: 60.00953
Total reward: 23.27365, elapsed time: 60.00953
Total reward: 22.79262, elapsed time: 56.18457
Total reward: 23.99281, elapsed time: 50.06464
Total reward: 20.99879, elapsed time: 60.00953
Total reward: 23.33763, elapsed time: 60.00953
Total reward: 23.55914, elapsed time: 53.20961
Total reward: 12.10647, elapsed time: 60.00953
Total reward: 10.87669, elapsed time: 60.00953
Internal: JobTempAlloc has allocations that are more than 4 frames old - this is not allowed and likely a leak
Internal: deleting an allocation that is older than its permitted lifetime of 4 frames (age = 5)
Internal: deleting an allocation that is older than its permitted lifetime of 4 frames (age = 5)
Internal: deleting an allocation that is older than its permitted lifetime of 4 frames (age = 6)
Internal: deleting an allocation that is older than its permitted lifetime of 4 frames (age = 5)
Internal: deleting an allocation that is older than its permitted lifetime of 4 frames (age = 6)
Internal: deleting an allocation that is older than its permitted lifetime of 4 frames (age = 5)
Internal: deleting an allocation that is older than its permitted lifetime of 4 frames (age = 6)
Total reward: 22.59569, elapsed time: 53.4646
Total reward: 22.64664, elapsed time: 60.00953
Total reward: 23.28922, elapsed time: 60.00953
Total reward: 23.62206, elapsed time: 60.00953
Total reward: 24.22682, elapsed time: 48.27966
Total reward: 23.34465, elapsed time: 60.00953
Total reward: 23.04419, elapsed time: 52.44461
Total reward: 22.0447, elapsed time: 60.00953
Total reward: 10.64071, elapsed time: 60.00953
Total reward: 12.24294, elapsed time: 60.00953
Total reward: 23.68808, elapsed time: 51.25463
Total reward: 22.46422, elapsed time: 60.00953
Total reward: 12.14259, elapsed time: 60.00953
Total reward: 10.44272, elapsed time: 60.00953
Total reward: 22.97874, elapsed time: 54.73959
Total reward: 22.89583, elapsed time: 60.00953
Total reward: 23.42769, elapsed time: 60.00953
Total reward: 23.12384, elapsed time: 54.99459
Total reward: 9.669291, elapsed time: 60.00953
Total reward: 11.05829, elapsed time: 60.00953
Internal: JobTempAlloc has allocations that are more than 4 frames old - this is not allowed and likely a leak
Internal: JobTempAlloc has allocations that are more than 4 frames old - this is not allowed and likely a leak
Internal: deleting an allocation that is older than its permitted lifetime of 4 frames (age = 5)
Internal: deleting an allocation that is older than its permitted lifetime of 4 frames (age = 5)
Internal: deleting an allocation that is older than its permitted lifetime of 4 frames (age = 5)
Internal: deleting an allocation that is older than its permitted lifetime of 4 frames (age = 5)
Internal: deleting an allocation that is older than its permitted lifetime of 4 frames (age = 5)
Internal: deleting an allocation that is older than its permitted lifetime of 4 frames (age = 5)
Internal: deleting an allocation that is older than its permitted lifetime of 4 frames (age = 5)
Internal: deleting an allocation that is older than its permitted lifetime of 4 frames (age = 5)
Internal: deleting an allocation that is older than its permitted lifetime of 4 frames (age = 5)
Internal: deleting an allocation that is older than its permitted lifetime of 4 frames (age = 5)
Internal: deleting an allocation that is older than its permitted lifetime of 4 frames (age = 5)
Internal: deleting an allocation that is older than its permitted lifetime of 4 frames (age = 5)
Internal: deleting an allocation that is older than its permitted lifetime of 4 frames (age = 5)
Internal: deleting an allocation that is older than its permitted lifetime of 4 frames (age = 5)
Internal: deleting an allocation that is older than its permitted lifetime of 4 frames (age = 5)
Internal: deleting an allocation that is older than its permitted lifetime of 4 frames (age = 5)
Total reward: 23.98615, elapsed time: 60.00953
Total reward: 23.79473, elapsed time: 57.20456
Total reward: 20.8017, elapsed time: 60.00953
Total reward: 23.79093, elapsed time: 53.3796
Total reward: 9.182637, elapsed time: 60.00953
Total reward: 11.07896, elapsed time: 60.00953
Total reward: 22.79517, elapsed time: 60.00953
Total reward: 22.62473, elapsed time: 54.39959
Total reward: 23.23086, elapsed time: 60.00953
Total reward: 22.93608, elapsed time: 60.00953
Total reward: 23.29921, elapsed time: 60.00953
Total reward: 22.89318, elapsed time: 54.90959
Total reward: 23.12325, elapsed time: 51.84962
Total reward: 23.13055, elapsed time: 60.00953
Total reward: 23.97905, elapsed time: 49.04465
Total reward: 12.40793, elapsed time: 60.00953
Total reward: 10.89806, elapsed time: 60.00953
Total reward: 22.62639, elapsed time: 60.00953
Total reward: 21.97586, elapsed time: 60.00953
Internal: JobTempAlloc has allocations that are more than 4 frames old - this is not allowed and likely a leak
Internal: deleting an allocation that is older than its permitted lifetime of 4 frames (age = 5)
Internal: deleting an allocation that is older than its permitted lifetime of 4 frames (age = 5)
Internal: deleting an allocation that is older than its permitted lifetime of 4 frames (age = 5)
Internal: deleting an allocation that is older than its permitted lifetime of 4 frames (age = 5)
Internal: deleting an allocation that is older than its permitted lifetime of 4 frames (age = 5)
Internal: deleting an allocation that is older than its permitted lifetime of 4 frames (age = 5)
Internal: deleting an allocation that is older than its permitted lifetime of 4 frames (age = 5)
Internal: deleting an allocation that is older than its permitted lifetime of 4 frames (age = 5)
Internal: deleting an allocation that is older than its permitted lifetime of 4 frames (age = 5)
Internal: deleting an allocation that is older than its permitted lifetime of 4 frames (age = 5)
Internal: deleting an allocation that is older than its permitted lifetime of 4 frames (age = 5)
Internal: deleting an allocation that is older than its permitted lifetime of 4 frames (age = 5)
Internal: deleting an allocation that is older than its permitted lifetime of 4 frames (age = 5)
Internal: deleting an allocation that is older than its permitted lifetime of 4 frames (age = 5)
Internal: deleting an allocation that is older than its permitted lifetime of 4 frames (age = 5)
Internal: deleting an allocation that is older than its permitted lifetime of 4 frames (age = 5)
Total reward: 23.09251, elapsed time: 57.11956
Total reward: 20.44219, elapsed time: 60.00953
Total reward: 23.51591, elapsed time: 60.00953
Total reward: 23.20047, elapsed time: 57.11956
Total reward: 22.72007, elapsed time: 60.00953
Total reward: 22.80586, elapsed time: 60.00953
Total reward: 23.83341, elapsed time: 52.18962
Total reward: 22.73298, elapsed time: 60.00953
Total reward: 23.6358, elapsed time: 52.61461
Total reward: 23.39071, elapsed time: 52.44461
Total reward: 23.65407, elapsed time: 49.63964
Total reward: 24.05966, elapsed time: 48.36466
Total reward: 20.7584, elapsed time: 60.00953
Total reward: 22.99039, elapsed time: 60.00953
Total reward: 22.89492, elapsed time: 60.00953
Total reward: 23.83751, elapsed time: 59.66954
Total reward: 20.95492, elapsed time: 60.00953
Total reward: 22.54143, elapsed time: 60.00953
Total reward: 23.18179, elapsed time: 60.00953
Total reward: 23.17632, elapsed time: 60.00953
Total reward: 23.1591, elapsed time: 60.00953
Total reward: 22.34369, elapsed time: 60.00953
Total reward: 23.12697, elapsed time: 60.00953
Total reward: 23.75452, elapsed time: 51.59462
Total reward: 23.08386, elapsed time: 53.6346
Total reward: 22.72198, elapsed time: 60.00953
Total reward: 11.82838, elapsed time: 60.00953
Total reward: 9.185374, elapsed time: 60.00953
Total reward: 21.40786, elapsed time: 60.00953
Total reward: 23.73099, elapsed time: 52.27462
Total reward: 23.1562, elapsed time: 60.00953
Total reward: 23.96986, elapsed time: 60.00953
Total reward: 23.38945, elapsed time: 51.67962
Total reward: 23.36061, elapsed time: 60.00953
Internal: JobTempAlloc has allocations that are more than 4 frames old - this is not allowed and likely a leak
Internal: JobTempAlloc has allocations that are more than 4 frames old - this is not allowed and likely a leak
Internal: deleting an allocation that is older than its permitted lifetime of 4 frames (age = 5)
Internal: deleting an allocation that is older than its permitted lifetime of 4 frames (age = 5)
Internal: deleting an allocation that is older than its permitted lifetime of 4 frames (age = 5)
Internal: deleting an allocation that is older than its permitted lifetime of 4 frames (age = 5)
Internal: deleting an allocation that is older than its permitted lifetime of 4 frames (age = 5)
Internal: deleting an allocation that is older than its permitted lifetime of 4 frames (age = 5)
Internal: deleting an allocation that is older than its permitted lifetime of 4 frames (age = 5)
Internal: deleting an allocation that is older than its permitted lifetime of 4 frames (age = 5)
Internal: deleting an allocation that is older than its permitted lifetime of 4 frames (age = 5)
Internal: deleting an allocation that is older than its permitted lifetime of 4 frames (age = 5)
Internal: deleting an allocation that is older than its permitted lifetime of 4 frames (age = 5)
Internal: deleting an allocation that is older than its permitted lifetime of 4 frames (age = 5)
Internal: deleting an allocation that is older than its permitted lifetime of 4 frames (age = 5)
Internal: deleting an allocation that is older than its permitted lifetime of 4 frames (age = 5)
Internal: deleting an allocation that is older than its permitted lifetime of 4 frames (age = 5)
Internal: deleting an allocation that is older than its permitted lifetime of 4 frames (age = 5)
Total reward: 23.36139, elapsed time: 55.07959
Total reward: 22.39207, elapsed time: 60.00953
