Mono path[0] = 'C:/Users/elect/OneDrive/Desktop/CSPractice/ECSCrowdSim/Builds/TrainingBuildBasic/CrowdSim_Data/Managed'
Mono config path = 'C:/Users/elect/OneDrive/Desktop/CSPractice/ECSCrowdSim/Builds/TrainingBuildBasic/MonoBleedingEdge/etc'
Initialize engine version: 2020.3.48f1 (b805b124c6b7)
[Subsystems] Discovering subsystems at path C:/Users/elect/OneDrive/Desktop/CSPractice/ECSCrowdSim/Builds/TrainingBuildBasic/CrowdSim_Data/UnitySubsystems
Forcing GfxDevice: Null
GfxDevice: creating device client; threaded=0
NullGfxDevice:
    Version:  NULL 1.0 [1.0]
    Renderer: Null Device
    Vendor:   Unity Technologies
Begin MonoManager ReloadAssembly
- Completed reload, in  0.958 seconds
ERROR: Shader Hidden/Universal Render Pipeline/Blit shader is not supported on this GPU (none of subshaders/fallbacks are suitable)
ERROR: Shader Hidden/Universal Render Pipeline/CopyDepth shader is not supported on this GPU (none of subshaders/fallbacks are suitable)
ERROR: Shader Hidden/Universal Render Pipeline/ScreenSpaceShadows shader is not supported on this GPU (none of subshaders/fallbacks are suitable)
ERROR: Shader Hidden/Universal Render Pipeline/Sampling shader is not supported on this GPU (none of subshaders/fallbacks are suitable)
ERROR: Shader Hidden/Universal Render Pipeline/LutBuilderLdr shader is not supported on this GPU (none of subshaders/fallbacks are suitable)
ERROR: Shader Hidden/Universal Render Pipeline/LutBuilderHdr shader is not supported on this GPU (none of subshaders/fallbacks are suitable)
ERROR: Shader Hidden/Universal Render Pipeline/UberPost shader is not supported on this GPU (none of subshaders/fallbacks are suitable)
ERROR: Shader Hidden/Universal Render Pipeline/Stop NaN shader is not supported on this GPU (none of subshaders/fallbacks are suitable)
ERROR: Shader Hidden/Universal Render Pipeline/PaniniProjection shader is not supported on this GPU (none of subshaders/fallbacks are suitable)
ERROR: Shader Hidden/Universal Render Pipeline/SubpixelMorphologicalAntialiasing shader is not supported on this GPU (none of subshaders/fallbacks are suitable)
ERROR: Shader Hidden/Universal Render Pipeline/FinalPost shader is not supported on this GPU (none of subshaders/fallbacks are suitable)
WARNING: Shader Unsupported: 'Hidden/Universal Render Pipeline/StencilDeferred' - All subshaders removed
WARNING: Shader Did you use #pragma only_renderers and omit this platform?
WARNING: Shader If subshaders removal was intentional, you may have forgotten turning Fallback off?
ERROR: Shader Hidden/Universal Render Pipeline/StencilDeferred shader is not supported on this GPU (none of subshaders/fallbacks are suitable)
WARNING: Shader Unsupported: 'Hidden/Universal Render Pipeline/StencilDeferred' - All subshaders removed
WARNING: Shader Did you use #pragma only_renderers and omit this platform?
WARNING: Shader If subshaders removal was intentional, you may have forgotten turning Fallback off?
ERROR: Shader Hidden/Universal Render Pipeline/BokehDepthOfField shader is not supported on this GPU (none of subshaders/fallbacks are suitable)
ERROR: Shader Hidden/Universal Render Pipeline/CameraMotionBlur shader is not supported on this GPU (none of subshaders/fallbacks are suitable)
ERROR: Shader Hidden/Universal Render Pipeline/GaussianDepthOfField shader is not supported on this GPU (none of subshaders/fallbacks are suitable)
ERROR: Shader Hidden/Universal Render Pipeline/Bloom shader is not supported on this GPU (none of subshaders/fallbacks are suitable)
ERROR: Shader Sprites/Default shader is not supported on this GPU (none of subshaders/fallbacks are suitable)
Microsoft Media Foundation video decoding to texture disabled: graphics device is Null, only Direct3D 11 and Direct3D 12 (only on desktop) are supported for hardware-accelerated video decoding.
ERROR: Shader Sprites/Mask shader is not supported on this GPU (none of subshaders/fallbacks are suitable)
WARNING: Shader Unsupported: 'Universal Render Pipeline/Lit' - All subshaders removed
WARNING: Shader Did you use #pragma only_renderers and omit this platform?
WARNING: Shader If subshaders removal was intentional, you may have forgotten turning Fallback off?
ERROR: Shader Universal Render Pipeline/Lit shader is not supported on this GPU (none of subshaders/fallbacks are suitable)
WARNING: Shader Unsupported: 'Universal Render Pipeline/Lit' - All subshaders removed
WARNING: Shader Did you use #pragma only_renderers and omit this platform?
WARNING: Shader If subshaders removal was intentional, you may have forgotten turning Fallback off?
UnloadTime: 0.938700 ms
No SRP present, no compute shader support, or running with -nographics. Hybrid Renderer disabled
Warning: No Graphics Device found. Deformation systems will not run.
NullReferenceException: Object reference not set to an instance of an object
  at Unity.Scenes.ResourceCatalogData.GetGUIDFromPath (System.String path) [0x000b8] in <8bb897719c904c72aec2a1b03525dd53>:0 
  at Unity.Scenes.SceneSystem.GetSceneGUID (System.String scenePath) [0x0000c] in <8bb897719c904c72aec2a1b03525dd53>:0 
  at Unity.Scenes.GameObjectSceneUtility.AddGameObjectSceneReferences () [0x00044] in <8bb897719c904c72aec2a1b03525dd53>:0 
  at Unity.Entities.AutomaticWorldBootstrap.Initialize () [0x0000d] in <5b4f729cfdd14b019dc7af518decdec6>:0 

Fallback handler could not load library C:/Users/elect/OneDrive/Desktop/CSPractice/ECSCrowdSim/Builds/TrainingBuildBasic/CrowdSim_Data/Mono/libcoreclr.so
Fallback handler could not load library C:/Users/elect/OneDrive/Desktop/CSPractice/ECSCrowdSim/Builds/TrainingBuildBasic/CrowdSim_Data/Mono/libcoreclr.so.dll
Fallback handler could not load library C:/Users/elect/OneDrive/Desktop/CSPractice/ECSCrowdSim/Builds/TrainingBuildBasic/CrowdSim_Data/Mono/libcoreclr.so
Fallback handler could not load library C:/Users/elect/OneDrive/Desktop/CSPractice/ECSCrowdSim/Builds/TrainingBuildBasic/CrowdSim_Data/Mono/libdl.so
Fallback handler could not load library C:/Users/elect/OneDrive/Desktop/CSPractice/ECSCrowdSim/Builds/TrainingBuildBasic/CrowdSim_Data/Mono/libdl.so.dll
Fallback handler could not load library C:/Users/elect/OneDrive/Desktop/CSPractice/ECSCrowdSim/Builds/TrainingBuildBasic/CrowdSim_Data/Mono/libdl.so
Fallback handler could not load library C:/Users/elect/OneDrive/Desktop/CSPractice/ECSCrowdSim/Builds/TrainingBuildBasic/CrowdSim_Data/Mono/libSystem.dylib
Fallback handler could not load library C:/Users/elect/OneDrive/Desktop/CSPractice/ECSCrowdSim/Builds/TrainingBuildBasic/CrowdSim_Data/Mono/libSystem.dylib.dll
Fallback handler could not load library C:/Users/elect/OneDrive/Desktop/CSPractice/ECSCrowdSim/Builds/TrainingBuildBasic/CrowdSim_Data/Mono/libSystem.dylib
Fallback handler could not load library C:/Users/elect/OneDrive/Desktop/CSPractice/ECSCrowdSim/Builds/TrainingBuildBasic/CrowdSim_Data/Mono/libcoreclr.so
Fallback handler could not load library C:/Users/elect/OneDrive/Desktop/CSPractice/ECSCrowdSim/Builds/TrainingBuildBasic/CrowdSim_Data/Mono/libcoreclr.so.dll
Fallback handler could not load library C:/Users/elect/OneDrive/Desktop/CSPractice/ECSCrowdSim/Builds/TrainingBuildBasic/CrowdSim_Data/Mono/libcoreclr.so
Fallback handler could not load library C:/Users/elect/OneDrive/Desktop/CSPractice/ECSCrowdSim/Builds/TrainingBuildBasic/CrowdSim_Data/Mono/libdl.so
Fallback handler could not load library C:/Users/elect/OneDrive/Desktop/CSPractice/ECSCrowdSim/Builds/TrainingBuildBasic/CrowdSim_Data/Mono/libdl.so.dll
Fallback handler could not load library C:/Users/elect/OneDrive/Desktop/CSPractice/ECSCrowdSim/Builds/TrainingBuildBasic/CrowdSim_Data/Mono/libdl.so
Fallback handler could not load library C:/Users/elect/OneDrive/Desktop/CSPractice/ECSCrowdSim/Builds/TrainingBuildBasic/CrowdSim_Data/Mono/libSystem.dylib
Fallback handler could not load library C:/Users/elect/OneDrive/Desktop/CSPractice/ECSCrowdSim/Builds/TrainingBuildBasic/CrowdSim_Data/Mono/libSystem.dylib.dll
Fallback handler could not load library C:/Users/elect/OneDrive/Desktop/CSPractice/ECSCrowdSim/Builds/TrainingBuildBasic/CrowdSim_Data/Mono/libSystem.dylib
0.6411269
1
-1
-0.3082047
1
-1
1
-0.0187209
-1
0.03696965
1
-1
-0.03407401
1
-1
1
-0.770888
-1
0.2318806
1
-1
-0.4649291
1
-1
1
-0.3481599
-0.8814594
0.5046415
1
-1
-0.0820241
1
0.4011305
1
-1
-0.5494772
1
-1
1
0.07935709
-1
0.03621297
1
-1
-0.2895296
1
-1
1
-0.3080782
-1
0.02546802
1
-1
0.2879879
1
-1
1
-0.6883423
-0.9493224
-0.1711546
1
-1
-0.03719725
1
-1
1
-0.3039475
-1
0.6283554
1
-1
-0.05333176
1
-1
1
0.04820069
-1
0.1794031
1
-1
-0.2873542
1
-1
1
0.5395738
-0.9680025
-0.04183434
1
-1
-0.4424871
1
-1
1
-0.655523
-1
0.4861778
1
-1
-0.2622564
1
-1
1
-0.5396605
-1
-0.47347
1
-1
-0.2690718
1
0.3664831
1
-1
0.1883091
1
-1
1
-0.1537195
-0.8652474
0.2392322
1
-1
-0.8088679
1
-1
1
-0.4210008
-1
0.3165053
1
-1
0.4495426
1
0.631584
1
-1
-0.239046
0.07421983
1
-1
-0.6123276
1
-1
1
-0.08792303
-0.753156
0.4236991
1
-1
0.01618793
1
-1
1
0.01884713
-1
0.4752702
1
-1
-0.05923897
1
-1
1
-0.1952165
-1
-0.0650152
1
-1
-0.008888006
1
0.8258647
1
-1
-0.1642165
1
0.5552203
1
-1
-0.6041032
1
0.2184332
1
-1
-0.2071971
1
-0.3550676
1
-1
0.2729484
1
0.4772657
1
-1
0.1781889
-0.5132499
1
-1
-0.8465071
-0.09369276
1
-1
-0.2146934
1
-1
1
-0.6481345
-1
0.2291693
1
-1
-0.6011997
1
-1
1
-0.5538506
-1
0.6577784
1
-1
-0.01100991
1
-1
1
-0.220884
-1
-0.5856555
1
-1
0.1637904
1
0.1376868
1
-1
-0.1018157
1
-1
1
0.02666442
-0.5072248
-0.1925642
1
-1
0.2094014
1
-1
1
-0.0007237594
-1
0.0954301
1
-1
-0.32772
1
-0.07065517
1
-1
-0.09915347
1
-1
1
-0.1557198
-1
0.2645475
1
-1
-0.2439076
1
-0.1603411
1
-1
-0.1766261
1
-1
1
0.03716825
-1
0.1252373
1
-1
-0.6108646
1
-1
1
-0.01132755
-1
0.460354
1
-1
-0.08561844
1
0.02067092
1
-1
-0.7966473
1
-1
1
0.176645
-1
0.4676748
1
-1
0.1374221
1
-1
1
-0.6013039
-1
-0.5123822
1
-1
-0.2304581
1
-0.2243306
1
-1
-0.01546703
1
0.392202
1
-1
-0.1035771
1
-1
1
0.4240846
-0.8424716
-0.4988225
1
-1
-0.07881075
1
0.1399555
1
-1
-0.6718869
1
-1
1
-0.5075029
-1
0.4188908
1
-1
0.4385136
1
-1
1
-0.631411
-0.7877129
-0.2760058
1
-1
-0.6642621
1
-1
1
0.02269932
-1
-0.1830206
1
-1
-0.02565806
1
-1
1
0.6889921
-1
0.659542
1
-1
-0.08851988
1
-0.04897324
1
-1
0.2450931
1
-1
1
-0.2626019
-1
0.5130441
1
-1
0.3042701
1
-1
1
-0.4996827
-1
0.1295346
1
-1
0.1866376
1
-1
1
-0.001839697
-1
-0.2059894
1
-1
0.1390045
1
-1
1
-0.1482918
-1
0.06901665
1
-1
-0.1550034
0.3178609
1
-1
0.220005
1
-1
1
Setting up 4 worker threads for Enlighten.
  Thread -> id: 5598 -> priority: 1 
  Thread -> id: 7cfc -> priority: 1 
  Thread -> id: 8040 -> priority: 1 
  Thread -> id: 67b0 -> priority: 1 
